
*** Running vivado
    with args -log design_1_wrapper.vdi -applog -m64 -product Vivado -messageDb vivado.pb -mode batch -source design_1_wrapper.tcl -notrace


****** Vivado v2022.1 (64-bit)
  **** SW Build 3526262 on Mon Apr 18 15:47:01 MDT 2022
  **** IP Build 3524634 on Mon Apr 18 20:55:01 MDT 2022
    ** Copyright 1986-2022 Xilinx, Inc. All Rights Reserved.

source design_1_wrapper.tcl -notrace
create_project: Time (s): cpu = 00:00:04 ; elapsed = 00:00:05 . Memory (MB): peak = 2900.113 ; gain = 2.992 ; free physical = 4360 ; free virtual = 8000
INFO: [IP_Flow 19-234] Refreshing IP repositories
INFO: [IP_Flow 19-1700] Loaded user IP repository '/home/ubuntu/labi/vitis_hls_project'.
INFO: [IP_Flow 19-2313] Loaded Vivado IP repository '/tools/Xilinx/Vivado/2022.1/data/ip'.
Command: link_design -top design_1_wrapper -part xc7z020clg400-1
Design is defaulting to srcset: sources_1
Design is defaulting to constrset: constrs_1
INFO: [Device 21-403] Loading part xc7z020clg400-1
INFO: [Project 1-454] Reading design checkpoint '/home/ubuntu/labi/vvd_labi/vvd_labi.gen/sources_1/bd/design_1/ip/design_1_blk_mem_gen_0_0/design_1_blk_mem_gen_0_0.dcp' for cell 'design_1_i/blk_mem_gen_0'
INFO: [Project 1-454] Reading design checkpoint '/home/ubuntu/labi/vvd_labi/vvd_labi.gen/sources_1/bd/design_1/ip/design_1_caravel_0_0/design_1_caravel_0_0.dcp' for cell 'design_1_i/caravel_0'
INFO: [Project 1-454] Reading design checkpoint '/home/ubuntu/labi/vvd_labi/vvd_labi.gen/sources_1/bd/design_1/ip/design_1_caravel_ps_0_0/design_1_caravel_ps_0_0.dcp' for cell 'design_1_i/caravel_ps_0'
INFO: [Project 1-454] Reading design checkpoint '/home/ubuntu/labi/vvd_labi/vvd_labi.gen/sources_1/bd/design_1/ip/design_1_output_pin_0_0/design_1_output_pin_0_0.dcp' for cell 'design_1_i/output_pin_0'
INFO: [Project 1-454] Reading design checkpoint '/home/ubuntu/labi/vvd_labi/vvd_labi.gen/sources_1/bd/design_1/ip/design_1_proc_sys_reset_0_0/design_1_proc_sys_reset_0_0.dcp' for cell 'design_1_i/proc_sys_reset_0'
INFO: [Project 1-454] Reading design checkpoint '/home/ubuntu/labi/vvd_labi/vvd_labi.gen/sources_1/bd/design_1/ip/design_1_processing_system7_0_0/design_1_processing_system7_0_0.dcp' for cell 'design_1_i/processing_system7_0'
INFO: [Project 1-454] Reading design checkpoint '/home/ubuntu/labi/vvd_labi/vvd_labi.gen/sources_1/bd/design_1/ip/design_1_read_romcode_0_0/design_1_read_romcode_0_0.dcp' for cell 'design_1_i/read_romcode_0'
INFO: [Project 1-454] Reading design checkpoint '/home/ubuntu/labi/vvd_labi/vvd_labi.gen/sources_1/bd/design_1/ip/design_1_spiflash_0_0/design_1_spiflash_0_0.dcp' for cell 'design_1_i/spiflash_0'
INFO: [Project 1-454] Reading design checkpoint '/home/ubuntu/labi/vvd_labi/vvd_labi.gen/sources_1/bd/design_1/ip/design_1_auto_pc_0/design_1_auto_pc_0.dcp' for cell 'design_1_i/axi_interconnect_0/s00_couplers/auto_pc'
INFO: [Project 1-454] Reading design checkpoint '/home/ubuntu/labi/vvd_labi/vvd_labi.gen/sources_1/bd/design_1/ip/design_1_auto_us_0/design_1_auto_us_0.dcp' for cell 'design_1_i/axi_interconnect_0/s00_couplers/auto_us'
INFO: [Project 1-454] Reading design checkpoint '/home/ubuntu/labi/vvd_labi/vvd_labi.gen/sources_1/bd/design_1/ip/design_1_xbar_0/design_1_xbar_0.dcp' for cell 'design_1_i/axi_interconnect_1/xbar'
INFO: [Project 1-454] Reading design checkpoint '/home/ubuntu/labi/vvd_labi/vvd_labi.gen/sources_1/bd/design_1/ip/design_1_auto_pc_1/design_1_auto_pc_1.dcp' for cell 'design_1_i/axi_interconnect_1/s00_couplers/auto_pc'
Netlist sorting complete. Time (s): cpu = 00:00:00.11 ; elapsed = 00:00:00.11 . Memory (MB): peak = 2900.121 ; gain = 0.000 ; free physical = 3954 ; free virtual = 7595
INFO: [Netlist 29-17] Analyzing 471 Unisim elements for replacement
INFO: [Netlist 29-28] Unisim Transformation completed in 0 CPU seconds
INFO: [Project 1-479] Netlist was created with Vivado 2022.1
INFO: [Project 1-570] Preparing netlist for logic optimization
Parsing XDC File [/home/ubuntu/labi/vvd_labi/vvd_labi.gen/sources_1/bd/design_1/ip/design_1_processing_system7_0_0/design_1_processing_system7_0_0.xdc] for cell 'design_1_i/processing_system7_0/inst'
Finished Parsing XDC File [/home/ubuntu/labi/vvd_labi/vvd_labi.gen/sources_1/bd/design_1/ip/design_1_processing_system7_0_0/design_1_processing_system7_0_0.xdc] for cell 'design_1_i/processing_system7_0/inst'
Parsing XDC File [/home/ubuntu/labi/vvd_labi/vvd_labi.gen/sources_1/bd/design_1/ip/design_1_proc_sys_reset_0_0/design_1_proc_sys_reset_0_0_board.xdc] for cell 'design_1_i/proc_sys_reset_0/U0'
Finished Parsing XDC File [/home/ubuntu/labi/vvd_labi/vvd_labi.gen/sources_1/bd/design_1/ip/design_1_proc_sys_reset_0_0/design_1_proc_sys_reset_0_0_board.xdc] for cell 'design_1_i/proc_sys_reset_0/U0'
Parsing XDC File [/home/ubuntu/labi/vvd_labi/vvd_labi.gen/sources_1/bd/design_1/ip/design_1_proc_sys_reset_0_0/design_1_proc_sys_reset_0_0.xdc] for cell 'design_1_i/proc_sys_reset_0/U0'
Finished Parsing XDC File [/home/ubuntu/labi/vvd_labi/vvd_labi.gen/sources_1/bd/design_1/ip/design_1_proc_sys_reset_0_0/design_1_proc_sys_reset_0_0.xdc] for cell 'design_1_i/proc_sys_reset_0/U0'
Parsing XDC File [/home/ubuntu/labi/vvd_labi/vvd_labi.gen/sources_1/bd/design_1/ip/design_1_auto_us_0/design_1_auto_us_0_clocks.xdc] for cell 'design_1_i/axi_interconnect_0/s00_couplers/auto_us/inst'
Finished Parsing XDC File [/home/ubuntu/labi/vvd_labi/vvd_labi.gen/sources_1/bd/design_1/ip/design_1_auto_us_0/design_1_auto_us_0_clocks.xdc] for cell 'design_1_i/axi_interconnect_0/s00_couplers/auto_us/inst'
INFO: [Project 1-1714] 1 XPM XDC files have been applied to the design.
INFO: [Opt 31-138] Pushed 0 inverter(s) to 0 load pin(s).
Netlist sorting complete. Time (s): cpu = 00:00:00 ; elapsed = 00:00:00.01 . Memory (MB): peak = 2908.441 ; gain = 0.000 ; free physical = 3806 ; free virtual = 7447
INFO: [Project 1-111] Unisim Transformation Summary:
  A total of 5 instances were transformed.
  RAM32M => RAM32M (RAMD32(x6), RAMS32(x2)): 4 instances
  RAM32X1D => RAM32X1D (RAMD32(x2)): 1 instance 

23 Infos, 0 Warnings, 0 Critical Warnings and 0 Errors encountered.
link_design completed successfully
link_design: Time (s): cpu = 00:00:16 ; elapsed = 00:00:18 . Memory (MB): peak = 2908.441 ; gain = 8.320 ; free physical = 3806 ; free virtual = 7447
Command: opt_design
Attempting to get a license for feature 'Implementation' and/or device 'xc7z020'
INFO: [Common 17-349] Got license for feature 'Implementation' and/or device 'xc7z020'
Running DRC as a precondition to command opt_design

Starting DRC Task
INFO: [DRC 23-27] Running DRC with 2 threads
INFO: [Project 1-461] DRC finished with 0 Errors
INFO: [Project 1-462] Please refer to the DRC report (report_drc) for more information.

Time (s): cpu = 00:00:01 ; elapsed = 00:00:00.86 . Memory (MB): peak = 2924.125 ; gain = 15.684 ; free physical = 3806 ; free virtual = 7447

Starting Cache Timing Information Task
INFO: [Timing 38-35] Done setting XDC timing constraints.
Ending Cache Timing Information Task | Checksum: 26da40408

Time (s): cpu = 00:00:07 ; elapsed = 00:00:07 . Memory (MB): peak = 2976.938 ; gain = 52.812 ; free physical = 3451 ; free virtual = 7092

Starting Logic Optimization Task

Phase 1 Retarget
INFO: [Opt 31-1287] Pulled Inverter design_1_i/axi_interconnect_0/s00_couplers/auto_us/inst/gen_upsizer.gen_full_upsizer.axi_upsizer_inst/USE_READ.read_addr_inst/GEN_CMD_QUEUE.cmd_queue/m_payload_i[66]_i_1 into driver instance design_1_i/axi_interconnect_0/s00_couplers/auto_us/inst/gen_upsizer.gen_full_upsizer.axi_upsizer_inst/USE_READ.read_addr_inst/GEN_CMD_QUEUE.cmd_queue/s_ready_i_i_2, which resulted in an inversion of 3 pins
INFO: [Opt 31-1287] Pulled Inverter design_1_i/axi_interconnect_0/s00_couplers/auto_us/inst/gen_upsizer.gen_full_upsizer.axi_upsizer_inst/si_register_slice_inst/ar.ar_pipe/USE_RTL_FIFO.data_srl_reg[31][13]_srl32_i_1 into driver instance design_1_i/axi_interconnect_0/s00_couplers/auto_us/inst/gen_upsizer.gen_full_upsizer.axi_upsizer_inst/si_register_slice_inst/ar.ar_pipe/m_axi_araddr[2]_INST_0_i_3, which resulted in an inversion of 5 pins
INFO: [Opt 31-1287] Pulled Inverter design_1_i/caravel_0/inst/soc/core/VexRiscv/CsrPlugin_mtvec_base[1]_i_1 into driver instance design_1_i/caravel_0/inst/soc/core/VexRiscv/CsrPlugin_mtvec_base[1]_i_2, which resulted in an inversion of 5 pins
INFO: [Opt 31-1287] Pulled Inverter design_1_i/caravel_0/inst/soc/core/VexRiscv/IBusCachedPlugin_cache/interface6_bank_bus_dat_r[31]_i_1 into driver instance design_1_i/caravel_0/inst/soc/core/VexRiscv/IBusCachedPlugin_cache/la_ien_storage[127]_i_4, which resulted in an inversion of 10 pins
INFO: [Opt 31-1287] Pulled Inverter design_1_i/caravel_0/inst/soc/core/VexRiscv/execute_to_memory_ENV_CTRL[1]_i_1 into driver instance design_1_i/caravel_0/inst/soc/core/VexRiscv/IBusCachedPlugin_cache/execute_to_memory_ENV_CTRL[1]_i_2, which resulted in an inversion of 11 pins
INFO: [Opt 31-1287] Pulled Inverter design_1_i/caravel_0/inst/soc/core/VexRiscv/execute_to_memory_REGFILE_WRITE_DATA[31]_i_1 into driver instance design_1_i/caravel_0/inst/soc/core/VexRiscv/IBusCachedPlugin_cache/decode_to_execute_DO_EBREAK_i_5, which resulted in an inversion of 5 pins
INFO: [Opt 31-1287] Pulled Inverter design_1_i/caravel_0/inst/soc/core/count[0]_i_2 into driver instance design_1_i/caravel_0/inst/soc/core/VexRiscv/IBusCachedPlugin_cache/count[0]_i_4, which resulted in an inversion of 39 pins
INFO: [Opt 31-1287] Pulled Inverter design_1_i/caravel_0/inst/soc/core/dbg_uart_count[0]_i_2 into driver instance design_1_i/caravel_0/inst/soc/core/uartwishbonebridge_state[2]_i_2, which resulted in an inversion of 5 pins
INFO: [Opt 31-1287] Pulled Inverter design_1_i/read_romcode_0/inst/BUS0_m_axi_U/bus_read/fifo_rctl/sect_addr_buf[63]_i_1 into driver instance design_1_i/read_romcode_0/inst/BUS0_m_axi_U/bus_read/fifo_rctl/sect_cnt[51]_i_3, which resulted in an inversion of 18 pins
INFO: [Opt 31-1287] Pulled Inverter design_1_i/read_romcode_0/inst/BUS0_m_axi_U/bus_read/fifo_rctl/start_addr[63]_i_1 into driver instance design_1_i/read_romcode_0/inst/BUS0_m_axi_U/bus_read/fifo_rctl/FSM_sequential_state[1]_i_2, which resulted in an inversion of 57 pins
INFO: [Opt 31-138] Pushed 1 inverter(s) to 3 load pin(s).
In IDDR TRANSFORM
CRITICAL WARNING: [Opt 31-430] Found a FDRE that its data pin is undriven. Driver is required to prevent unexpected behavior:design_1_i/caravel_0/inst/soc/core/multiregimpl2_regs0_reg
INFO: [Opt 31-49] Retargeted 0 cell(s).
Phase 1 Retarget | Checksum: 1714002e4

Time (s): cpu = 00:00:00.77 ; elapsed = 00:00:00.64 . Memory (MB): peak = 3239.016 ; gain = 0.000 ; free physical = 3217 ; free virtual = 6858
INFO: [Opt 31-389] Phase Retarget created 52 cells and removed 97 cells
INFO: [Opt 31-1021] In phase Retarget, 9 netlist objects are constrained preventing optimization. Please run opt_design with -debug_log to get more detail. 

Phase 2 Constant propagation
CRITICAL WARNING: [Opt 31-430] Found a FDRE that its data pin is undriven. Driver is required to prevent unexpected behavior:design_1_i/caravel_0/inst/soc/core/multiregimpl2_regs0_reg
INFO: [Opt 31-138] Pushed 3 inverter(s) to 5 load pin(s).
Phase 2 Constant propagation | Checksum: 18840b13f

Time (s): cpu = 00:00:01 ; elapsed = 00:00:00.87 . Memory (MB): peak = 3239.016 ; gain = 0.000 ; free physical = 3217 ; free virtual = 6858
INFO: [Opt 31-389] Phase Constant propagation created 113 cells and removed 380 cells
INFO: [Opt 31-1021] In phase Constant propagation, 9 netlist objects are constrained preventing optimization. Please run opt_design with -debug_log to get more detail. 

Phase 3 Sweep
CRITICAL WARNING: [Opt 31-430] Found a FDRE that its data pin is undriven. Driver is required to prevent unexpected behavior:design_1_i/caravel_0/inst/soc/core/multiregimpl2_regs0_reg
Phase 3 Sweep | Checksum: 15dc182a1

Time (s): cpu = 00:00:02 ; elapsed = 00:00:01 . Memory (MB): peak = 3239.016 ; gain = 0.000 ; free physical = 3217 ; free virtual = 6858
INFO: [Opt 31-389] Phase Sweep created 0 cells and removed 593 cells
INFO: [Opt 31-1021] In phase Sweep, 32 netlist objects are constrained preventing optimization. Please run opt_design with -debug_log to get more detail. 

Phase 4 BUFG optimization
INFO: [Opt 31-194] Inserted BUFG design_1_i/caravel_0/inst/housekeeping/csclk_BUFG_inst to drive 615 load(s) on clock net design_1_i/caravel_0/inst/housekeeping/csclk_BUFG
INFO: [Opt 31-194] Inserted BUFG design_1_i/caravel_0/inst/housekeeping/mprj_io_loader_clock_BUFG_inst to drive 314 load(s) on clock net design_1_i/caravel_0/inst/housekeeping/mprj_io_loader_clock_BUFG
INFO: [Opt 31-194] Inserted BUFG design_1_i/caravel_0/inst/housekeeping/mprj_io_loader_strobe_BUFG_inst to drive 190 load(s) on clock net design_1_i/caravel_0/inst/housekeeping/mprj_io_loader_strobe_BUFG
INFO: [Opt 31-194] Inserted BUFG design_1_i/caravel_0/inst/soc/core/CLK_BUFG_inst to drive 65 load(s) on clock net design_1_i/caravel_0/inst/soc/core/CLK_BUFG
INFO: [Opt 31-194] Inserted BUFG design_1_i/caravel_0/inst/housekeeping/hkspi/flash_clk_BUFG_inst to drive 52 load(s) on clock net design_1_i/caravel_0/inst/housekeeping/hkspi/flash_clk_BUFG
INFO: [Opt 31-194] Inserted BUFG design_1_i/caravel_ps_0/inst/control_s_axi_U/mprj_in[4]_BUFG_inst to drive 49 load(s) on clock net design_1_i/caravel_ps_0/inst/control_s_axi_U/mprj_in_BUFG[4]
INFO: [Opt 31-193] Inserted 6 BUFG(s) on clock nets
Phase 4 BUFG optimization | Checksum: 14ccc56c5

Time (s): cpu = 00:00:02 ; elapsed = 00:00:02 . Memory (MB): peak = 3271.031 ; gain = 32.016 ; free physical = 3217 ; free virtual = 6858
INFO: [Opt 31-662] Phase BUFG optimization created 6 cells of which 6 are BUFGs and removed 0 cells.

Phase 5 Shift Register Optimization
INFO: [Opt 31-1064] SRL Remap converted 0 SRLs to 0 registers and converted 0 registers of register chains to 0 SRLs
Phase 5 Shift Register Optimization | Checksum: 14ccc56c5

Time (s): cpu = 00:00:02 ; elapsed = 00:00:02 . Memory (MB): peak = 3271.031 ; gain = 32.016 ; free physical = 3217 ; free virtual = 6858
INFO: [Opt 31-389] Phase Shift Register Optimization created 0 cells and removed 0 cells

Phase 6 Post Processing Netlist
Phase 6 Post Processing Netlist | Checksum: 14ccc56c5

Time (s): cpu = 00:00:02 ; elapsed = 00:00:02 . Memory (MB): peak = 3271.031 ; gain = 32.016 ; free physical = 3217 ; free virtual = 6858
INFO: [Opt 31-389] Phase Post Processing Netlist created 0 cells and removed 0 cells
INFO: [Opt 31-1021] In phase Post Processing Netlist, 11 netlist objects are constrained preventing optimization. Please run opt_design with -debug_log to get more detail. 
Opt_design Change Summary
=========================


-------------------------------------------------------------------------------------------------------------------------
|  Phase                        |  #Cells created  |  #Cells Removed  |  #Constrained objects preventing optimizations  |
-------------------------------------------------------------------------------------------------------------------------
|  Retarget                     |              52  |              97  |                                              9  |
|  Constant propagation         |             113  |             380  |                                              9  |
|  Sweep                        |               0  |             593  |                                             32  |
|  BUFG optimization            |               6  |               0  |                                              0  |
|  Shift Register Optimization  |               0  |               0  |                                              0  |
|  Post Processing Netlist      |               0  |               0  |                                             11  |
-------------------------------------------------------------------------------------------------------------------------



Starting Connectivity Check Task

Time (s): cpu = 00:00:00.02 ; elapsed = 00:00:00.02 . Memory (MB): peak = 3271.031 ; gain = 0.000 ; free physical = 3217 ; free virtual = 6858
Ending Logic Optimization Task | Checksum: 14457d4ee

Time (s): cpu = 00:00:02 ; elapsed = 00:00:02 . Memory (MB): peak = 3271.031 ; gain = 32.016 ; free physical = 3217 ; free virtual = 6858

Starting Power Optimization Task
INFO: [Pwropt 34-132] Skipping clock gating for clocks with a period < 2.00 ns.
INFO: [Pwropt 34-9] Applying IDT optimizations ...
INFO: [Pwropt 34-10] Applying ODC optimizations ...
INFO: [Timing 38-35] Done setting XDC timing constraints.
Running Vector-less Activity Propagation...

Finished Running Vector-less Activity Propagation


Starting PowerOpt Patch Enables Task
INFO: [Pwropt 34-162] WRITE_MODE attribute of 2 BRAM(s) out of a total of 9 has been updated to save power. Run report_power_opt to get a complete listing of the BRAMs updated.
INFO: [Timing 38-35] Done setting XDC timing constraints.
INFO: [Pwropt 34-201] Structural ODC has moved 2 WE to EN ports
Number of BRAM Ports augmented: 2 newly gated: 6 Total Ports: 18
Ending PowerOpt Patch Enables Task | Checksum: 1682e939d

Time (s): cpu = 00:00:00.58 ; elapsed = 00:00:00.42 . Memory (MB): peak = 3428.777 ; gain = 0.000 ; free physical = 3184 ; free virtual = 6825
Ending Power Optimization Task | Checksum: 1682e939d

Time (s): cpu = 00:00:05 ; elapsed = 00:00:03 . Memory (MB): peak = 3428.777 ; gain = 157.746 ; free physical = 3188 ; free virtual = 6829

Starting Final Cleanup Task
Ending Final Cleanup Task | Checksum: 1682e939d

Time (s): cpu = 00:00:00 ; elapsed = 00:00:00 . Memory (MB): peak = 3428.777 ; gain = 0.000 ; free physical = 3188 ; free virtual = 6829

Starting Netlist Obfuscation Task
Netlist sorting complete. Time (s): cpu = 00:00:00.01 ; elapsed = 00:00:00.02 . Memory (MB): peak = 3428.777 ; gain = 0.000 ; free physical = 3188 ; free virtual = 6829
Ending Netlist Obfuscation Task | Checksum: 23250e3bc

Time (s): cpu = 00:00:00.01 ; elapsed = 00:00:00.02 . Memory (MB): peak = 3428.777 ; gain = 0.000 ; free physical = 3188 ; free virtual = 6829
INFO: [Common 17-83] Releasing license: Implementation
67 Infos, 0 Warnings, 3 Critical Warnings and 0 Errors encountered.
opt_design completed successfully
opt_design: Time (s): cpu = 00:00:17 ; elapsed = 00:00:15 . Memory (MB): peak = 3428.777 ; gain = 520.336 ; free physical = 3188 ; free virtual = 6829
INFO: [Timing 38-480] Writing timing data to binary archive.
Writing XDEF routing.
Writing XDEF routing logical nets.
Writing XDEF routing special nets.
Write XDEF Complete: Time (s): cpu = 00:00:00.18 ; elapsed = 00:00:00.11 . Memory (MB): peak = 3460.793 ; gain = 32.016 ; free physical = 3187 ; free virtual = 6830
INFO: [Common 17-1381] The checkpoint '/home/ubuntu/labi/vvd_labi/vvd_labi.runs/impl_1/design_1_wrapper_opt.dcp' has been generated.
INFO: [runtcl-4] Executing : report_drc -file design_1_wrapper_drc_opted.rpt -pb design_1_wrapper_drc_opted.pb -rpx design_1_wrapper_drc_opted.rpx
Command: report_drc -file design_1_wrapper_drc_opted.rpt -pb design_1_wrapper_drc_opted.pb -rpx design_1_wrapper_drc_opted.rpx
INFO: [IP_Flow 19-1839] IP Catalog is up to date.
INFO: [Timing 38-35] Done setting XDC timing constraints.
INFO: [DRC 23-27] Running DRC with 2 threads
INFO: [Vivado_Tcl 2-168] The results of DRC are in file /home/ubuntu/labi/vvd_labi/vvd_labi.runs/impl_1/design_1_wrapper_drc_opted.rpt.
report_drc completed successfully
Command: place_design
Attempting to get a license for feature 'Implementation' and/or device 'xc7z020'
INFO: [Common 17-349] Got license for feature 'Implementation' and/or device 'xc7z020'
INFO: [DRC 23-27] Running DRC with 2 threads
INFO: [Vivado_Tcl 4-198] DRC finished with 0 Errors
INFO: [Vivado_Tcl 4-199] Please refer to the DRC report (report_drc) for more information.
Running DRC as a precondition to command place_design
INFO: [DRC 23-27] Running DRC with 2 threads
INFO: [Vivado_Tcl 4-198] DRC finished with 0 Errors, 33 Warnings
INFO: [Vivado_Tcl 4-199] Please refer to the DRC report (report_drc) for more information.

Starting Placer Task
INFO: [Place 30-611] Multithreading enabled for place_design using a maximum of 2 CPUs

Phase 1 Placer Initialization

Phase 1.1 Placer Initialization Netlist Sorting
Netlist sorting complete. Time (s): cpu = 00:00:00 ; elapsed = 00:00:00 . Memory (MB): peak = 3484.805 ; gain = 0.000 ; free physical = 3107 ; free virtual = 6752
Phase 1.1 Placer Initialization Netlist Sorting | Checksum: 13efa28a4

Time (s): cpu = 00:00:00.01 ; elapsed = 00:00:00.01 . Memory (MB): peak = 3484.805 ; gain = 0.000 ; free physical = 3107 ; free virtual = 6752
Netlist sorting complete. Time (s): cpu = 00:00:00 ; elapsed = 00:00:00 . Memory (MB): peak = 3484.805 ; gain = 0.000 ; free physical = 3107 ; free virtual = 6752

Phase 1.2 IO Placement/ Clock Placement/ Build Placer Device
Phase 1.2 IO Placement/ Clock Placement/ Build Placer Device | Checksum: abca24e8

Time (s): cpu = 00:00:00.9 ; elapsed = 00:00:00.74 . Memory (MB): peak = 3484.805 ; gain = 0.000 ; free physical = 3136 ; free virtual = 6781

Phase 1.3 Build Placer Netlist Model
Phase 1.3 Build Placer Netlist Model | Checksum: 164fb8f3f

Time (s): cpu = 00:00:04 ; elapsed = 00:00:03 . Memory (MB): peak = 3484.805 ; gain = 0.000 ; free physical = 3137 ; free virtual = 6781

Phase 1.4 Constrain Clocks/Macros
Phase 1.4 Constrain Clocks/Macros | Checksum: 164fb8f3f

Time (s): cpu = 00:00:04 ; elapsed = 00:00:03 . Memory (MB): peak = 3484.805 ; gain = 0.000 ; free physical = 3137 ; free virtual = 6781
Phase 1 Placer Initialization | Checksum: 164fb8f3f

Time (s): cpu = 00:00:04 ; elapsed = 00:00:03 . Memory (MB): peak = 3484.805 ; gain = 0.000 ; free physical = 3137 ; free virtual = 6781

Phase 2 Global Placement

Phase 2.1 Floorplanning
Phase 2.1 Floorplanning | Checksum: e375e3b2

Time (s): cpu = 00:00:05 ; elapsed = 00:00:04 . Memory (MB): peak = 3484.805 ; gain = 0.000 ; free physical = 3137 ; free virtual = 6781

Phase 2.2 Update Timing before SLR Path Opt
Phase 2.2 Update Timing before SLR Path Opt | Checksum: 1a3601bff

Time (s): cpu = 00:00:06 ; elapsed = 00:00:05 . Memory (MB): peak = 3484.805 ; gain = 0.000 ; free physical = 3137 ; free virtual = 6781

Phase 2.3 Post-Processing in Floorplanning
Phase 2.3 Post-Processing in Floorplanning | Checksum: 1a3601bff

Time (s): cpu = 00:00:06 ; elapsed = 00:00:05 . Memory (MB): peak = 3484.805 ; gain = 0.000 ; free physical = 3137 ; free virtual = 6781

Phase 2.4 Global Placement Core

Phase 2.4.1 Physical Synthesis In Placer
INFO: [Physopt 32-1035] Found 0 LUTNM shape to break, 355 LUT instances to create LUTNM shape
INFO: [Physopt 32-1044] Break lutnm for timing: one critical 0, two critical 0, total 0, new lutff created 0
INFO: [Physopt 32-1138] End 1 Pass. Optimized 148 nets or LUTs. Breaked 0 LUT, combined 148 existing LUTs and moved 0 existing LUT
INFO: [Physopt 32-65] No nets found for high-fanout optimization.
INFO: [Physopt 32-232] Optimized 0 net. Created 0 new instance.
INFO: [Physopt 32-775] End 1 Pass. Optimized 0 net or cell. Created 0 new cell, deleted 0 existing cell and moved 0 existing cell
INFO: [Physopt 32-670] No setup violation found.  DSP Register Optimization was not performed.
INFO: [Physopt 32-670] No setup violation found.  Shift Register to Pipeline Optimization was not performed.
INFO: [Physopt 32-670] No setup violation found.  Shift Register Optimization was not performed.
INFO: [Physopt 32-670] No setup violation found.  BRAM Register Optimization was not performed.
INFO: [Physopt 32-670] No setup violation found.  URAM Register Optimization was not performed.
INFO: [Physopt 32-949] No candidate nets found for dynamic/static region interface net replication
INFO: [Physopt 32-775] End 1 Pass. Optimized 0 net or cell. Created 0 new cell, deleted 0 existing cell and moved 0 existing cell
Netlist sorting complete. Time (s): cpu = 00:00:00 ; elapsed = 00:00:00 . Memory (MB): peak = 3484.805 ; gain = 0.000 ; free physical = 3107 ; free virtual = 6751

Summary of Physical Synthesis Optimizations
============================================


-----------------------------------------------------------------------------------------------------------------------------------------------------------
|  Optimization                                     |  Added Cells  |  Removed Cells  |  Optimized Cells/Nets  |  Dont Touch  |  Iterations  |  Elapsed   |
-----------------------------------------------------------------------------------------------------------------------------------------------------------
|  LUT Combining                                    |            0  |            148  |                   148  |           0  |           1  |  00:00:00  |
|  Retime                                           |            0  |              0  |                     0  |           0  |           1  |  00:00:00  |
|  Very High Fanout                                 |            0  |              0  |                     0  |           0  |           1  |  00:00:00  |
|  DSP Register                                     |            0  |              0  |                     0  |           0  |           0  |  00:00:00  |
|  Shift Register to Pipeline                       |            0  |              0  |                     0  |           0  |           0  |  00:00:00  |
|  Shift Register                                   |            0  |              0  |                     0  |           0  |           0  |  00:00:00  |
|  BRAM Register                                    |            0  |              0  |                     0  |           0  |           0  |  00:00:00  |
|  URAM Register                                    |            0  |              0  |                     0  |           0  |           0  |  00:00:00  |
|  Dynamic/Static Region Interface Net Replication  |            0  |              0  |                     0  |           0  |           1  |  00:00:00  |
|  Total                                            |            0  |            148  |                   148  |           0  |           4  |  00:00:00  |
-----------------------------------------------------------------------------------------------------------------------------------------------------------


Phase 2.4.1 Physical Synthesis In Placer | Checksum: 1a9e508a7

Time (s): cpu = 00:00:16 ; elapsed = 00:00:12 . Memory (MB): peak = 3484.805 ; gain = 0.000 ; free physical = 3107 ; free virtual = 6751
Phase 2.4 Global Placement Core | Checksum: 1f508ed6e

Time (s): cpu = 00:00:16 ; elapsed = 00:00:12 . Memory (MB): peak = 3484.805 ; gain = 0.000 ; free physical = 3107 ; free virtual = 6751
Phase 2 Global Placement | Checksum: 1f508ed6e

Time (s): cpu = 00:00:16 ; elapsed = 00:00:12 . Memory (MB): peak = 3484.805 ; gain = 0.000 ; free physical = 3110 ; free virtual = 6755

Phase 3 Detail Placement

Phase 3.1 Commit Multi Column Macros
Phase 3.1 Commit Multi Column Macros | Checksum: 269ad2c27

Time (s): cpu = 00:00:17 ; elapsed = 00:00:13 . Memory (MB): peak = 3484.805 ; gain = 0.000 ; free physical = 3112 ; free virtual = 6756

Phase 3.2 Commit Most Macros & LUTRAMs
Phase 3.2 Commit Most Macros & LUTRAMs | Checksum: 25ea7bbea

Time (s): cpu = 00:00:19 ; elapsed = 00:00:14 . Memory (MB): peak = 3484.805 ; gain = 0.000 ; free physical = 3111 ; free virtual = 6756

Phase 3.3 Area Swap Optimization
Phase 3.3 Area Swap Optimization | Checksum: 25edc5a41

Time (s): cpu = 00:00:19 ; elapsed = 00:00:14 . Memory (MB): peak = 3484.805 ; gain = 0.000 ; free physical = 3111 ; free virtual = 6756

Phase 3.4 Pipeline Register Optimization
Phase 3.4 Pipeline Register Optimization | Checksum: 2824eff6c

Time (s): cpu = 00:00:19 ; elapsed = 00:00:14 . Memory (MB): peak = 3484.805 ; gain = 0.000 ; free physical = 3111 ; free virtual = 6756

Phase 3.5 Small Shape Detail Placement
Phase 3.5 Small Shape Detail Placement | Checksum: 27cb5babe

Time (s): cpu = 00:00:22 ; elapsed = 00:00:18 . Memory (MB): peak = 3484.805 ; gain = 0.000 ; free physical = 3105 ; free virtual = 6749

Phase 3.6 Re-assign LUT pins
Phase 3.6 Re-assign LUT pins | Checksum: 23aca0268

Time (s): cpu = 00:00:23 ; elapsed = 00:00:19 . Memory (MB): peak = 3484.805 ; gain = 0.000 ; free physical = 3105 ; free virtual = 6749

Phase 3.7 Pipeline Register Optimization
Phase 3.7 Pipeline Register Optimization | Checksum: 242fbc24a

Time (s): cpu = 00:00:23 ; elapsed = 00:00:19 . Memory (MB): peak = 3484.805 ; gain = 0.000 ; free physical = 3105 ; free virtual = 6749
Phase 3 Detail Placement | Checksum: 242fbc24a

Time (s): cpu = 00:00:23 ; elapsed = 00:00:19 . Memory (MB): peak = 3484.805 ; gain = 0.000 ; free physical = 3105 ; free virtual = 6749

Phase 4 Post Placement Optimization and Clean-Up

Phase 4.1 Post Commit Optimization
INFO: [Timing 38-35] Done setting XDC timing constraints.

Phase 4.1.1 Post Placement Optimization
Post Placement Optimization Initialization | Checksum: 202ee308a

Phase 4.1.1.1 BUFG Insertion

Starting Physical Synthesis Task

Phase 1 Physical Synthesis Initialization
INFO: [Physopt 32-721] Multithreading enabled for phys_opt_design using a maximum of 2 CPUs
INFO: [Physopt 32-619] Estimated Timing Summary | WNS=1.565 | TNS=0.000 |
Phase 1 Physical Synthesis Initialization | Checksum: 23a61c97e

Time (s): cpu = 00:00:00.67 ; elapsed = 00:00:00.5 . Memory (MB): peak = 3484.805 ; gain = 0.000 ; free physical = 3108 ; free virtual = 6753
INFO: [Place 46-33] Processed net design_1_i/caravel_0/inst/soc/core/int_rst, BUFG insertion was skipped due to placement/routing conflicts.
INFO: [Place 46-56] BUFG insertion identified 1 candidate nets. Inserted BUFG: 0, Replicated BUFG Driver: 0, Skipped due to Placement/Routing Conflicts: 1, Skipped due to Timing Degradation: 0, Skipped due to Illegal Netlist: 0.
Ending Physical Synthesis Task | Checksum: 25aaa7810

Time (s): cpu = 00:00:00.87 ; elapsed = 00:00:00.71 . Memory (MB): peak = 3484.805 ; gain = 0.000 ; free physical = 3107 ; free virtual = 6752
Phase 4.1.1.1 BUFG Insertion | Checksum: 202ee308a

Time (s): cpu = 00:00:27 ; elapsed = 00:00:22 . Memory (MB): peak = 3484.805 ; gain = 0.000 ; free physical = 3107 ; free virtual = 6752

Phase 4.1.1.2 Post Placement Timing Optimization
INFO: [Place 30-746] Post Placement Timing Summary WNS=1.565. For the most accurate timing information please run report_timing.
Phase 4.1.1.2 Post Placement Timing Optimization | Checksum: 22de76556

Time (s): cpu = 00:00:27 ; elapsed = 00:00:22 . Memory (MB): peak = 3484.805 ; gain = 0.000 ; free physical = 3107 ; free virtual = 6752

Time (s): cpu = 00:00:27 ; elapsed = 00:00:22 . Memory (MB): peak = 3484.805 ; gain = 0.000 ; free physical = 3107 ; free virtual = 6752
Phase 4.1 Post Commit Optimization | Checksum: 22de76556

Time (s): cpu = 00:00:27 ; elapsed = 00:00:22 . Memory (MB): peak = 3484.805 ; gain = 0.000 ; free physical = 3107 ; free virtual = 6752

Phase 4.2 Post Placement Cleanup
Phase 4.2 Post Placement Cleanup | Checksum: 22de76556

Time (s): cpu = 00:00:27 ; elapsed = 00:00:22 . Memory (MB): peak = 3484.805 ; gain = 0.000 ; free physical = 3107 ; free virtual = 6752

Phase 4.3 Placer Reporting

Phase 4.3.1 Print Estimated Congestion
INFO: [Place 30-612] Post-Placement Estimated Congestion 
 ____________________________________________________
|           | Global Congestion | Short Congestion  |
| Direction | Region Size       | Region Size       |
|___________|___________________|___________________|
|      North|                1x1|                4x4|
|___________|___________________|___________________|
|      South|                1x1|                1x1|
|___________|___________________|___________________|
|       East|                1x1|                4x4|
|___________|___________________|___________________|
|       West|                1x1|                1x1|
|___________|___________________|___________________|

Phase 4.3.1 Print Estimated Congestion | Checksum: 22de76556

Time (s): cpu = 00:00:27 ; elapsed = 00:00:22 . Memory (MB): peak = 3484.805 ; gain = 0.000 ; free physical = 3107 ; free virtual = 6752
Phase 4.3 Placer Reporting | Checksum: 22de76556

Time (s): cpu = 00:00:27 ; elapsed = 00:00:23 . Memory (MB): peak = 3484.805 ; gain = 0.000 ; free physical = 3107 ; free virtual = 6752

Phase 4.4 Final Placement Cleanup
Netlist sorting complete. Time (s): cpu = 00:00:00 ; elapsed = 00:00:00 . Memory (MB): peak = 3484.805 ; gain = 0.000 ; free physical = 3107 ; free virtual = 6752

Time (s): cpu = 00:00:27 ; elapsed = 00:00:23 . Memory (MB): peak = 3484.805 ; gain = 0.000 ; free physical = 3107 ; free virtual = 6752
Phase 4 Post Placement Optimization and Clean-Up | Checksum: 2258418b6

Time (s): cpu = 00:00:27 ; elapsed = 00:00:23 . Memory (MB): peak = 3484.805 ; gain = 0.000 ; free physical = 3107 ; free virtual = 6752
Ending Placer Task | Checksum: 15ef07058

Time (s): cpu = 00:00:27 ; elapsed = 00:00:23 . Memory (MB): peak = 3484.805 ; gain = 0.000 ; free physical = 3107 ; free virtual = 6752
INFO: [Common 17-83] Releasing license: Implementation
103 Infos, 0 Warnings, 3 Critical Warnings and 0 Errors encountered.
place_design completed successfully
place_design: Time (s): cpu = 00:00:29 ; elapsed = 00:00:24 . Memory (MB): peak = 3484.805 ; gain = 0.000 ; free physical = 3109 ; free virtual = 6754
INFO: [Timing 38-480] Writing timing data to binary archive.
Writing XDEF routing.
Writing XDEF routing logical nets.
Writing XDEF routing special nets.
Write XDEF Complete: Time (s): cpu = 00:00:01 ; elapsed = 00:00:00.84 . Memory (MB): peak = 3484.805 ; gain = 0.000 ; free physical = 3082 ; free virtual = 6744
INFO: [Common 17-1381] The checkpoint '/home/ubuntu/labi/vvd_labi/vvd_labi.runs/impl_1/design_1_wrapper_placed.dcp' has been generated.
INFO: [runtcl-4] Executing : report_io -file design_1_wrapper_io_placed.rpt
report_io: Time (s): cpu = 00:00:00.15 ; elapsed = 00:00:00.2 . Memory (MB): peak = 3484.805 ; gain = 0.000 ; free physical = 3092 ; free virtual = 6741
INFO: [runtcl-4] Executing : report_utilization -file design_1_wrapper_utilization_placed.rpt -pb design_1_wrapper_utilization_placed.pb
INFO: [runtcl-4] Executing : report_control_sets -verbose -file design_1_wrapper_control_sets_placed.rpt
report_control_sets: Time (s): cpu = 00:00:00.08 ; elapsed = 00:00:00.13 . Memory (MB): peak = 3484.805 ; gain = 0.000 ; free physical = 3097 ; free virtual = 6746
Command: phys_opt_design
Attempting to get a license for feature 'Implementation' and/or device 'xc7z020'
INFO: [Common 17-349] Got license for feature 'Implementation' and/or device 'xc7z020'
INFO: [Vivado_Tcl 4-383] Design worst setup slack (WNS) is greater than or equal to 0.000 ns. Skipping all physical synthesis optimizations.
INFO: [Vivado_Tcl 4-232] No setup violation found. The netlist was not modified.
INFO: [Common 17-83] Releasing license: Implementation
112 Infos, 0 Warnings, 3 Critical Warnings and 0 Errors encountered.
phys_opt_design completed successfully
INFO: [Timing 38-480] Writing timing data to binary archive.
Writing XDEF routing.
Writing XDEF routing logical nets.
Writing XDEF routing special nets.
Write XDEF Complete: Time (s): cpu = 00:00:01 ; elapsed = 00:00:00.85 . Memory (MB): peak = 3484.805 ; gain = 0.000 ; free physical = 3045 ; free virtual = 6712
INFO: [Common 17-1381] The checkpoint '/home/ubuntu/labi/vvd_labi/vvd_labi.runs/impl_1/design_1_wrapper_physopt.dcp' has been generated.
Command: route_design
Attempting to get a license for feature 'Implementation' and/or device 'xc7z020'
INFO: [Common 17-349] Got license for feature 'Implementation' and/or device 'xc7z020'
Running DRC as a precondition to command route_design
INFO: [DRC 23-27] Running DRC with 2 threads
INFO: [Vivado_Tcl 4-198] DRC finished with 0 Errors
INFO: [Vivado_Tcl 4-199] Please refer to the DRC report (report_drc) for more information.


Starting Routing Task
INFO: [Route 35-254] Multithreading enabled for route_design using a maximum of 2 CPUs

Phase 1 Build RT Design
Checksum: PlaceDB: bbe32224 ConstDB: 0 ShapeSum: a30d4e34 RouteDB: 0
Post Restoration Checksum: NetGraph: ccf2de35 NumContArr: 1f0826d2 Constraints: 0 Timing: 0
Phase 1 Build RT Design | Checksum: ebfb0507

Time (s): cpu = 00:00:29 ; elapsed = 00:00:24 . Memory (MB): peak = 3494.465 ; gain = 9.660 ; free physical = 2945 ; free virtual = 6599

Phase 2 Router Initialization

Phase 2.1 Fix Topology Constraints
Phase 2.1 Fix Topology Constraints | Checksum: ebfb0507

Time (s): cpu = 00:00:29 ; elapsed = 00:00:24 . Memory (MB): peak = 3495.461 ; gain = 10.656 ; free physical = 2941 ; free virtual = 6596

Phase 2.2 Pre Route Cleanup
Phase 2.2 Pre Route Cleanup | Checksum: ebfb0507

Time (s): cpu = 00:00:29 ; elapsed = 00:00:24 . Memory (MB): peak = 3495.461 ; gain = 10.656 ; free physical = 2941 ; free virtual = 6596

Phase 2.3 Update Timing
Phase 2.3 Update Timing | Checksum: 15c3b33a0

Time (s): cpu = 00:00:35 ; elapsed = 00:00:29 . Memory (MB): peak = 3523.344 ; gain = 38.539 ; free physical = 2920 ; free virtual = 6575
INFO: [Route 35-416] Intermediate Timing Summary | WNS=1.413  | TNS=0.000  | WHS=-1.614 | THS=-214.860|


Router Utilization Summary
  Global Vertical Routing Utilization    = 0.00569535 %
  Global Horizontal Routing Utilization  = 0.00346518 %
  Routable Net Status*
  *Does not include unroutable nets such as driverless and loadless.
  Run report_route_status for detailed report.
  Number of Failed Nets               = 10483
    (Failed Nets is the sum of unrouted and partially routed nets)
  Number of Unrouted Nets             = 10467
  Number of Partially Routed Nets     = 16
  Number of Node Overlaps             = 22

Phase 2 Router Initialization | Checksum: 15a220894

Time (s): cpu = 00:00:38 ; elapsed = 00:00:31 . Memory (MB): peak = 3523.344 ; gain = 38.539 ; free physical = 2897 ; free virtual = 6551

Phase 3 Initial Routing

Phase 3.1 Global Routing
Phase 3.1 Global Routing | Checksum: 15a220894

Time (s): cpu = 00:00:38 ; elapsed = 00:00:31 . Memory (MB): peak = 3523.344 ; gain = 38.539 ; free physical = 2898 ; free virtual = 6553
Phase 3 Initial Routing | Checksum: 1eb3b607c

Time (s): cpu = 00:00:41 ; elapsed = 00:00:34 . Memory (MB): peak = 3535.344 ; gain = 50.539 ; free physical = 2902 ; free virtual = 6556

Phase 4 Rip-up And Reroute

Phase 4.1 Global Iteration 0
 Number of Nodes with overlaps = 931
 Number of Nodes with overlaps = 19
 Number of Nodes with overlaps = 3
 Number of Nodes with overlaps = 0
INFO: [Route 35-416] Intermediate Timing Summary | WNS=2.476  | TNS=0.000  | WHS=N/A    | THS=N/A    |

Phase 4.1 Global Iteration 0 | Checksum: 26b7093c9

Time (s): cpu = 00:00:47 ; elapsed = 00:00:39 . Memory (MB): peak = 3535.344 ; gain = 50.539 ; free physical = 2902 ; free virtual = 6556

Phase 4.2 Global Iteration 1
 Number of Nodes with overlaps = 3
 Number of Nodes with overlaps = 1
 Number of Nodes with overlaps = 1
 Number of Nodes with overlaps = 0
INFO: [Route 35-416] Intermediate Timing Summary | WNS=2.474  | TNS=0.000  | WHS=N/A    | THS=N/A    |

Phase 4.2 Global Iteration 1 | Checksum: 229298685

Time (s): cpu = 00:00:48 ; elapsed = 00:00:40 . Memory (MB): peak = 3535.344 ; gain = 50.539 ; free physical = 2902 ; free virtual = 6556
Phase 4 Rip-up And Reroute | Checksum: 229298685

Time (s): cpu = 00:00:48 ; elapsed = 00:00:40 . Memory (MB): peak = 3535.344 ; gain = 50.539 ; free physical = 2902 ; free virtual = 6556

Phase 5 Delay and Skew Optimization

Phase 5.1 Delay CleanUp
Phase 5.1 Delay CleanUp | Checksum: 229298685

Time (s): cpu = 00:00:48 ; elapsed = 00:00:40 . Memory (MB): peak = 3535.344 ; gain = 50.539 ; free physical = 2902 ; free virtual = 6556

Phase 5.2 Clock Skew Optimization
Phase 5.2 Clock Skew Optimization | Checksum: 229298685

Time (s): cpu = 00:00:48 ; elapsed = 00:00:40 . Memory (MB): peak = 3535.344 ; gain = 50.539 ; free physical = 2902 ; free virtual = 6556
Phase 5 Delay and Skew Optimization | Checksum: 229298685

Time (s): cpu = 00:00:48 ; elapsed = 00:00:40 . Memory (MB): peak = 3535.344 ; gain = 50.539 ; free physical = 2902 ; free virtual = 6556

Phase 6 Post Hold Fix

Phase 6.1 Hold Fix Iter

Phase 6.1.1 Update Timing
Phase 6.1.1 Update Timing | Checksum: 1bcd38433

Time (s): cpu = 00:00:49 ; elapsed = 00:00:41 . Memory (MB): peak = 3535.344 ; gain = 50.539 ; free physical = 2901 ; free virtual = 6555
INFO: [Route 35-416] Intermediate Timing Summary | WNS=2.474  | TNS=0.000  | WHS=0.017  | THS=0.000  |

Phase 6.1 Hold Fix Iter | Checksum: 19eb046c7

Time (s): cpu = 00:00:49 ; elapsed = 00:00:41 . Memory (MB): peak = 3535.344 ; gain = 50.539 ; free physical = 2901 ; free virtual = 6555
Phase 6 Post Hold Fix | Checksum: 19eb046c7

Time (s): cpu = 00:00:49 ; elapsed = 00:00:41 . Memory (MB): peak = 3535.344 ; gain = 50.539 ; free physical = 2901 ; free virtual = 6555

Phase 7 Route finalize

Router Utilization Summary
  Global Vertical Routing Utilization    = 2.392 %
  Global Horizontal Routing Utilization  = 2.95191 %
  Routable Net Status*
  *Does not include unroutable nets such as driverless and loadless.
  Run report_route_status for detailed report.
  Number of Failed Nets               = 0
    (Failed Nets is the sum of unrouted and partially routed nets)
  Number of Unrouted Nets             = 0
  Number of Partially Routed Nets     = 0
  Number of Node Overlaps             = 0

Phase 7 Route finalize | Checksum: 1a9a882c2

Time (s): cpu = 00:00:49 ; elapsed = 00:00:41 . Memory (MB): peak = 3535.344 ; gain = 50.539 ; free physical = 2901 ; free virtual = 6555

Phase 8 Verifying routed nets

 Verification completed successfully
Phase 8 Verifying routed nets | Checksum: 1a9a882c2

Time (s): cpu = 00:00:49 ; elapsed = 00:00:41 . Memory (MB): peak = 3535.344 ; gain = 50.539 ; free physical = 2903 ; free virtual = 6557

Phase 9 Depositing Routes
Phase 9 Depositing Routes | Checksum: 20b90eef3

Time (s): cpu = 00:00:50 ; elapsed = 00:00:42 . Memory (MB): peak = 3535.344 ; gain = 50.539 ; free physical = 2903 ; free virtual = 6557

Phase 10 Post Router Timing
INFO: [Route 35-57] Estimated Timing Summary | WNS=2.474  | TNS=0.000  | WHS=0.017  | THS=0.000  |

INFO: [Route 35-327] The final timing numbers are based on the router estimated timing analysis. For a complete and accurate timing signoff, please run report_timing_summary.
Phase 10 Post Router Timing | Checksum: 20b90eef3

Time (s): cpu = 00:00:51 ; elapsed = 00:00:43 . Memory (MB): peak = 3535.344 ; gain = 50.539 ; free physical = 2902 ; free virtual = 6556
INFO: [Route 35-16] Router Completed Successfully

Time (s): cpu = 00:00:51 ; elapsed = 00:00:43 . Memory (MB): peak = 3535.344 ; gain = 50.539 ; free physical = 2911 ; free virtual = 6566

Routing Is Done.
INFO: [Common 17-83] Releasing license: Implementation
127 Infos, 0 Warnings, 3 Critical Warnings and 0 Errors encountered.
route_design completed successfully
route_design: Time (s): cpu = 00:00:56 ; elapsed = 00:00:47 . Memory (MB): peak = 3535.344 ; gain = 50.539 ; free physical = 2911 ; free virtual = 6566
INFO: [Common 17-600] The following parameters have non-default value.
general.maxThreads
INFO: [Timing 38-480] Writing timing data to binary archive.
Writing XDEF routing.
Writing XDEF routing logical nets.
Writing XDEF routing special nets.
Write XDEF Complete: Time (s): cpu = 00:00:02 ; elapsed = 00:00:00.95 . Memory (MB): peak = 3560.258 ; gain = 16.910 ; free physical = 2906 ; free virtual = 6579
INFO: [Common 17-1381] The checkpoint '/home/ubuntu/labi/vvd_labi/vvd_labi.runs/impl_1/design_1_wrapper_routed.dcp' has been generated.
INFO: [runtcl-4] Executing : report_drc -file design_1_wrapper_drc_routed.rpt -pb design_1_wrapper_drc_routed.pb -rpx design_1_wrapper_drc_routed.rpx
Command: report_drc -file design_1_wrapper_drc_routed.rpt -pb design_1_wrapper_drc_routed.pb -rpx design_1_wrapper_drc_routed.rpx
INFO: [IP_Flow 19-1839] IP Catalog is up to date.
INFO: [DRC 23-27] Running DRC with 2 threads
INFO: [Vivado_Tcl 2-168] The results of DRC are in file /home/ubuntu/labi/vvd_labi/vvd_labi.runs/impl_1/design_1_wrapper_drc_routed.rpt.
report_drc completed successfully
INFO: [runtcl-4] Executing : report_methodology -file design_1_wrapper_methodology_drc_routed.rpt -pb design_1_wrapper_methodology_drc_routed.pb -rpx design_1_wrapper_methodology_drc_routed.rpx
Command: report_methodology -file design_1_wrapper_methodology_drc_routed.rpt -pb design_1_wrapper_methodology_drc_routed.pb -rpx design_1_wrapper_methodology_drc_routed.rpx
INFO: [Timing 38-35] Done setting XDC timing constraints.
INFO: [DRC 23-133] Running Methodology with 2 threads
INFO: [Vivado_Tcl 2-1520] The results of Report Methodology are in file /home/ubuntu/labi/vvd_labi/vvd_labi.runs/impl_1/design_1_wrapper_methodology_drc_routed.rpt.
report_methodology completed successfully
INFO: [runtcl-4] Executing : report_power -file design_1_wrapper_power_routed.rpt -pb design_1_wrapper_power_summary_routed.pb -rpx design_1_wrapper_power_routed.rpx
Command: report_power -file design_1_wrapper_power_routed.rpt -pb design_1_wrapper_power_summary_routed.pb -rpx design_1_wrapper_power_routed.rpx
INFO: [Timing 38-35] Done setting XDC timing constraints.
Running Vector-less Activity Propagation...

Finished Running Vector-less Activity Propagation
WARNING: [Power 33-332] Found switching activity that implies high-fanout reset nets being asserted for excessive periods of time which may result in inaccurate power analysis.
Resolution: To review and fix problems, please run Power Constraints Advisor in the GUI from Tools > Power Constraints Advisor or run report_power with the -advisory option to generate a text report.
140 Infos, 1 Warnings, 3 Critical Warnings and 0 Errors encountered.
report_power completed successfully
INFO: [runtcl-4] Executing : report_route_status -file design_1_wrapper_route_status.rpt -pb design_1_wrapper_route_status.pb
INFO: [runtcl-4] Executing : report_timing_summary -max_paths 10 -file design_1_wrapper_timing_summary_routed.rpt -pb design_1_wrapper_timing_summary_routed.pb -rpx design_1_wrapper_timing_summary_routed.rpx -warn_on_violation 
INFO: [Timing 38-91] UpdateTimingParams: Speed grade: -1, Delay Type: min_max.
INFO: [Timing 38-191] Multithreading enabled for timing update using a maximum of 2 CPUs
INFO: [runtcl-4] Executing : report_incremental_reuse -file design_1_wrapper_incremental_reuse_routed.rpt
INFO: [Vivado_Tcl 4-1062] Incremental flow is disabled. No incremental reuse Info to report.
INFO: [runtcl-4] Executing : report_clock_utilization -file design_1_wrapper_clock_utilization_routed.rpt
INFO: [runtcl-4] Executing : report_bus_skew -warn_on_violation -file design_1_wrapper_bus_skew_routed.rpt -pb design_1_wrapper_bus_skew_routed.pb -rpx design_1_wrapper_bus_skew_routed.rpx
INFO: [Timing 38-91] UpdateTimingParams: Speed grade: -1, Delay Type: min_max.
INFO: [Timing 38-191] Multithreading enabled for timing update using a maximum of 2 CPUs
INFO: [Common 17-206] Exiting Vivado at Thu Nov 16 06:23:12 2023...

*** Running vivado
    with args -log design_1_wrapper.vdi -applog -m64 -product Vivado -messageDb vivado.pb -mode batch -source design_1_wrapper.tcl -notrace


****** Vivado v2022.1 (64-bit)
  **** SW Build 3526262 on Mon Apr 18 15:47:01 MDT 2022
  **** IP Build 3524634 on Mon Apr 18 20:55:01 MDT 2022
    ** Copyright 1986-2022 Xilinx, Inc. All Rights Reserved.

source design_1_wrapper.tcl -notrace
Command: open_checkpoint design_1_wrapper_routed.dcp
INFO: [Device 21-403] Loading part xc7z020clg400-1
Netlist sorting complete. Time (s): cpu = 00:00:00.09 ; elapsed = 00:00:00.11 . Memory (MB): peak = 2906.051 ; gain = 0.000 ; free physical = 3942 ; free virtual = 7609
INFO: [Netlist 29-17] Analyzing 446 Unisim elements for replacement
INFO: [Netlist 29-28] Unisim Transformation completed in 0 CPU seconds
INFO: [Project 1-479] Netlist was created with Vivado 2022.1
INFO: [Project 1-570] Preparing netlist for logic optimization
INFO: [Timing 38-478] Restoring timing data from binary archive.
INFO: [Timing 38-479] Binary timing data restore complete.
INFO: [Project 1-856] Restoring constraints from binary archive.
INFO: [Constraints 18-5170] The checkpoint was created with non-default parameter values which do not match the current Vivado settings.  Mismatching parameters are:
  general.maxThreads
INFO: [Project 1-853] Binary constraint restore complete.
Reading XDEF placement.
Reading placer database...
Reading XDEF routing.
Read XDEF Files: Time (s): cpu = 00:00:00.9 ; elapsed = 00:00:00.94 . Memory (MB): peak = 2922.059 ; gain = 0.000 ; free physical = 3383 ; free virtual = 7050
Restored from archive | CPU: 0.940000 secs | Memory: 14.000572 MB |
Finished XDEF File Restore: Time (s): cpu = 00:00:00.9 ; elapsed = 00:00:00.94 . Memory (MB): peak = 2922.059 ; gain = 0.000 ; free physical = 3383 ; free virtual = 7050
Netlist sorting complete. Time (s): cpu = 00:00:00 ; elapsed = 00:00:00 . Memory (MB): peak = 2922.059 ; gain = 0.000 ; free physical = 3383 ; free virtual = 7050
INFO: [Project 1-111] Unisim Transformation Summary:
  A total of 5 instances were transformed.
  RAM32M => RAM32M (RAMD32(x6), RAMS32(x2)): 4 instances
  RAM32X1D => RAM32X1D (RAMD32(x2)): 1 instance 

INFO: [Project 1-604] Checkpoint was created with Vivado v2022.1 (64-bit) build 3526262
open_checkpoint: Time (s): cpu = 00:00:18 ; elapsed = 00:00:19 . Memory (MB): peak = 2922.059 ; gain = 24.938 ; free physical = 3383 ; free virtual = 7050
Command: write_bitstream -force design_1_wrapper.bit
Attempting to get a license for feature 'Implementation' and/or device 'xc7z020'
INFO: [Common 17-349] Got license for feature 'Implementation' and/or device 'xc7z020'
Running DRC as a precondition to command write_bitstream
INFO: [IP_Flow 19-234] Refreshing IP repositories
INFO: [IP_Flow 19-1704] No user IP repositories specified
INFO: [IP_Flow 19-2313] Loaded Vivado IP repository '/tools/Xilinx/Vivado/2022.1/data/ip'.
INFO: [DRC 23-27] Running DRC with 2 threads
WARNING: [DRC CHECK-3] Report rule limit reached: REQP-1839 rule limit reached: 20 violations have been found.
WARNING: [DRC PDCN-1569] LUT equation term check: Used physical LUT pin 'A4' of cell design_1_i/axi_interconnect_0/s00_couplers/auto_pc/inst/gen_axi4_axi3.axi3_conv_inst/USE_READ.USE_SPLIT_R.read_addr_inst/USE_R_CHANNEL.cmd_queue/inst/fifo_gen_inst/inst_fifo_gen/gconvfifo.rf/grf.rf/gntv_or_sync_fifo.gl0.rd/gr1.gr1_int.rfwft/gpregsm1.user_valid_i_1 (pin design_1_i/axi_interconnect_0/s00_couplers/auto_pc/inst/gen_axi4_axi3.axi3_conv_inst/USE_READ.USE_SPLIT_R.read_addr_inst/USE_R_CHANNEL.cmd_queue/inst/fifo_gen_inst/inst_fifo_gen/gconvfifo.rf/grf.rf/gntv_or_sync_fifo.gl0.rd/gr1.gr1_int.rfwft/gpregsm1.user_valid_i_1/I1) is not included in the LUT equation: 'O6=(A1)+((~A1)*(~A5)*A2)'. If this cell is a user instantiated LUT in the design, please remove connectivity to the pin or change the equation and/or INIT string of the LUT to prevent this issue. If the cell is inferred or IP created LUT, please regenerate the IP and/or resynthesize the design to attempt to correct the issue.
WARNING: [DRC REQP-1571] connects_D: The FDRE cell design_1_i/caravel_0/inst/soc/core/multiregimpl2_regs0_reg has no driver for the D input pin. To protect against unwanted transitions in all flows, the D input pin is required to have a driver. To resolve this violation, modify the design so that the D input pin has an active signal or constant logic-level tie-off.
WARNING: [DRC REQP-1839] RAMB36 async control check: The RAMB36E1 design_1_i/blk_mem_gen_0/U0/inst_blk_mem_gen/gnbram.gnative_mem_map_bmg.native_mem_map_blk_mem_gen/valid.cstr/ramloop[0].ram.r/prim_noinit.ram/DEVICE_7SERIES.WITH_BMM_INFO.TRUE_DP.SIMPLE_PRIM36.TDP_SP36_NO_ECC_ATTR.ram has an input control pin design_1_i/blk_mem_gen_0/U0/inst_blk_mem_gen/gnbram.gnative_mem_map_bmg.native_mem_map_blk_mem_gen/valid.cstr/ramloop[0].ram.r/prim_noinit.ram/DEVICE_7SERIES.WITH_BMM_INFO.TRUE_DP.SIMPLE_PRIM36.TDP_SP36_NO_ECC_ATTR.ram/ENARDEN (net: design_1_i/blk_mem_gen_0/U0/inst_blk_mem_gen/gnbram.gnative_mem_map_bmg.native_mem_map_blk_mem_gen/valid.cstr/ramloop[0].ram.r/prim_noinit.ram/ENA_I) which is driven by a register (design_1_i/spiflash_0/inst/bytecount_reg[10]) that has an active asychronous set or reset. This may cause corruption of the memory contents and/or read values when the set/reset is asserted and is not analyzed by the default static timing analysis. It is suggested to eliminate the use of a set/reset to registers driving this RAMB pin or else use a synchronous reset in which the assertion of the reset is timed by default.
WARNING: [DRC REQP-1839] RAMB36 async control check: The RAMB36E1 design_1_i/blk_mem_gen_0/U0/inst_blk_mem_gen/gnbram.gnative_mem_map_bmg.native_mem_map_blk_mem_gen/valid.cstr/ramloop[0].ram.r/prim_noinit.ram/DEVICE_7SERIES.WITH_BMM_INFO.TRUE_DP.SIMPLE_PRIM36.TDP_SP36_NO_ECC_ATTR.ram has an input control pin design_1_i/blk_mem_gen_0/U0/inst_blk_mem_gen/gnbram.gnative_mem_map_bmg.native_mem_map_blk_mem_gen/valid.cstr/ramloop[0].ram.r/prim_noinit.ram/DEVICE_7SERIES.WITH_BMM_INFO.TRUE_DP.SIMPLE_PRIM36.TDP_SP36_NO_ECC_ATTR.ram/ENARDEN (net: design_1_i/blk_mem_gen_0/U0/inst_blk_mem_gen/gnbram.gnative_mem_map_bmg.native_mem_map_blk_mem_gen/valid.cstr/ramloop[0].ram.r/prim_noinit.ram/ENA_I) which is driven by a register (design_1_i/spiflash_0/inst/bytecount_reg[11]) that has an active asychronous set or reset. This may cause corruption of the memory contents and/or read values when the set/reset is asserted and is not analyzed by the default static timing analysis. It is suggested to eliminate the use of a set/reset to registers driving this RAMB pin or else use a synchronous reset in which the assertion of the reset is timed by default.
WARNING: [DRC REQP-1839] RAMB36 async control check: The RAMB36E1 design_1_i/blk_mem_gen_0/U0/inst_blk_mem_gen/gnbram.gnative_mem_map_bmg.native_mem_map_blk_mem_gen/valid.cstr/ramloop[0].ram.r/prim_noinit.ram/DEVICE_7SERIES.WITH_BMM_INFO.TRUE_DP.SIMPLE_PRIM36.TDP_SP36_NO_ECC_ATTR.ram has an input control pin design_1_i/blk_mem_gen_0/U0/inst_blk_mem_gen/gnbram.gnative_mem_map_bmg.native_mem_map_blk_mem_gen/valid.cstr/ramloop[0].ram.r/prim_noinit.ram/DEVICE_7SERIES.WITH_BMM_INFO.TRUE_DP.SIMPLE_PRIM36.TDP_SP36_NO_ECC_ATTR.ram/ENARDEN (net: design_1_i/blk_mem_gen_0/U0/inst_blk_mem_gen/gnbram.gnative_mem_map_bmg.native_mem_map_blk_mem_gen/valid.cstr/ramloop[0].ram.r/prim_noinit.ram/ENA_I) which is driven by a register (design_1_i/spiflash_0/inst/bytecount_reg[12]) that has an active asychronous set or reset. This may cause corruption of the memory contents and/or read values when the set/reset is asserted and is not analyzed by the default static timing analysis. It is suggested to eliminate the use of a set/reset to registers driving this RAMB pin or else use a synchronous reset in which the assertion of the reset is timed by default.
WARNING: [DRC REQP-1839] RAMB36 async control check: The RAMB36E1 design_1_i/blk_mem_gen_0/U0/inst_blk_mem_gen/gnbram.gnative_mem_map_bmg.native_mem_map_blk_mem_gen/valid.cstr/ramloop[0].ram.r/prim_noinit.ram/DEVICE_7SERIES.WITH_BMM_INFO.TRUE_DP.SIMPLE_PRIM36.TDP_SP36_NO_ECC_ATTR.ram has an input control pin design_1_i/blk_mem_gen_0/U0/inst_blk_mem_gen/gnbram.gnative_mem_map_bmg.native_mem_map_blk_mem_gen/valid.cstr/ramloop[0].ram.r/prim_noinit.ram/DEVICE_7SERIES.WITH_BMM_INFO.TRUE_DP.SIMPLE_PRIM36.TDP_SP36_NO_ECC_ATTR.ram/ENARDEN (net: design_1_i/blk_mem_gen_0/U0/inst_blk_mem_gen/gnbram.gnative_mem_map_bmg.native_mem_map_blk_mem_gen/valid.cstr/ramloop[0].ram.r/prim_noinit.ram/ENA_I) which is driven by a register (design_1_i/spiflash_0/inst/bytecount_reg[2]) that has an active asychronous set or reset. This may cause corruption of the memory contents and/or read values when the set/reset is asserted and is not analyzed by the default static timing analysis. It is suggested to eliminate the use of a set/reset to registers driving this RAMB pin or else use a synchronous reset in which the assertion of the reset is timed by default.
WARNING: [DRC REQP-1839] RAMB36 async control check: The RAMB36E1 design_1_i/blk_mem_gen_0/U0/inst_blk_mem_gen/gnbram.gnative_mem_map_bmg.native_mem_map_blk_mem_gen/valid.cstr/ramloop[0].ram.r/prim_noinit.ram/DEVICE_7SERIES.WITH_BMM_INFO.TRUE_DP.SIMPLE_PRIM36.TDP_SP36_NO_ECC_ATTR.ram has an input control pin design_1_i/blk_mem_gen_0/U0/inst_blk_mem_gen/gnbram.gnative_mem_map_bmg.native_mem_map_blk_mem_gen/valid.cstr/ramloop[0].ram.r/prim_noinit.ram/DEVICE_7SERIES.WITH_BMM_INFO.TRUE_DP.SIMPLE_PRIM36.TDP_SP36_NO_ECC_ATTR.ram/ENARDEN (net: design_1_i/blk_mem_gen_0/U0/inst_blk_mem_gen/gnbram.gnative_mem_map_bmg.native_mem_map_blk_mem_gen/valid.cstr/ramloop[0].ram.r/prim_noinit.ram/ENA_I) which is driven by a register (design_1_i/spiflash_0/inst/bytecount_reg[3]) that has an active asychronous set or reset. This may cause corruption of the memory contents and/or read values when the set/reset is asserted and is not analyzed by the default static timing analysis. It is suggested to eliminate the use of a set/reset to registers driving this RAMB pin or else use a synchronous reset in which the assertion of the reset is timed by default.
WARNING: [DRC REQP-1839] RAMB36 async control check: The RAMB36E1 design_1_i/blk_mem_gen_0/U0/inst_blk_mem_gen/gnbram.gnative_mem_map_bmg.native_mem_map_blk_mem_gen/valid.cstr/ramloop[0].ram.r/prim_noinit.ram/DEVICE_7SERIES.WITH_BMM_INFO.TRUE_DP.SIMPLE_PRIM36.TDP_SP36_NO_ECC_ATTR.ram has an input control pin design_1_i/blk_mem_gen_0/U0/inst_blk_mem_gen/gnbram.gnative_mem_map_bmg.native_mem_map_blk_mem_gen/valid.cstr/ramloop[0].ram.r/prim_noinit.ram/DEVICE_7SERIES.WITH_BMM_INFO.TRUE_DP.SIMPLE_PRIM36.TDP_SP36_NO_ECC_ATTR.ram/ENARDEN (net: design_1_i/blk_mem_gen_0/U0/inst_blk_mem_gen/gnbram.gnative_mem_map_bmg.native_mem_map_blk_mem_gen/valid.cstr/ramloop[0].ram.r/prim_noinit.ram/ENA_I) which is driven by a register (design_1_i/spiflash_0/inst/bytecount_reg[4]) that has an active asychronous set or reset. This may cause corruption of the memory contents and/or read values when the set/reset is asserted and is not analyzed by the default static timing analysis. It is suggested to eliminate the use of a set/reset to registers driving this RAMB pin or else use a synchronous reset in which the assertion of the reset is timed by default.
WARNING: [DRC REQP-1839] RAMB36 async control check: The RAMB36E1 design_1_i/blk_mem_gen_0/U0/inst_blk_mem_gen/gnbram.gnative_mem_map_bmg.native_mem_map_blk_mem_gen/valid.cstr/ramloop[0].ram.r/prim_noinit.ram/DEVICE_7SERIES.WITH_BMM_INFO.TRUE_DP.SIMPLE_PRIM36.TDP_SP36_NO_ECC_ATTR.ram has an input control pin design_1_i/blk_mem_gen_0/U0/inst_blk_mem_gen/gnbram.gnative_mem_map_bmg.native_mem_map_blk_mem_gen/valid.cstr/ramloop[0].ram.r/prim_noinit.ram/DEVICE_7SERIES.WITH_BMM_INFO.TRUE_DP.SIMPLE_PRIM36.TDP_SP36_NO_ECC_ATTR.ram/ENARDEN (net: design_1_i/blk_mem_gen_0/U0/inst_blk_mem_gen/gnbram.gnative_mem_map_bmg.native_mem_map_blk_mem_gen/valid.cstr/ramloop[0].ram.r/prim_noinit.ram/ENA_I) which is driven by a register (design_1_i/spiflash_0/inst/bytecount_reg[5]) that has an active asychronous set or reset. This may cause corruption of the memory contents and/or read values when the set/reset is asserted and is not analyzed by the default static timing analysis. It is suggested to eliminate the use of a set/reset to registers driving this RAMB pin or else use a synchronous reset in which the assertion of the reset is timed by default.
WARNING: [DRC REQP-1839] RAMB36 async control check: The RAMB36E1 design_1_i/blk_mem_gen_0/U0/inst_blk_mem_gen/gnbram.gnative_mem_map_bmg.native_mem_map_blk_mem_gen/valid.cstr/ramloop[0].ram.r/prim_noinit.ram/DEVICE_7SERIES.WITH_BMM_INFO.TRUE_DP.SIMPLE_PRIM36.TDP_SP36_NO_ECC_ATTR.ram has an input control pin design_1_i/blk_mem_gen_0/U0/inst_blk_mem_gen/gnbram.gnative_mem_map_bmg.native_mem_map_blk_mem_gen/valid.cstr/ramloop[0].ram.r/prim_noinit.ram/DEVICE_7SERIES.WITH_BMM_INFO.TRUE_DP.SIMPLE_PRIM36.TDP_SP36_NO_ECC_ATTR.ram/ENARDEN (net: design_1_i/blk_mem_gen_0/U0/inst_blk_mem_gen/gnbram.gnative_mem_map_bmg.native_mem_map_blk_mem_gen/valid.cstr/ramloop[0].ram.r/prim_noinit.ram/ENA_I) which is driven by a register (design_1_i/spiflash_0/inst/bytecount_reg[6]) that has an active asychronous set or reset. This may cause corruption of the memory contents and/or read values when the set/reset is asserted and is not analyzed by the default static timing analysis. It is suggested to eliminate the use of a set/reset to registers driving this RAMB pin or else use a synchronous reset in which the assertion of the reset is timed by default.
WARNING: [DRC REQP-1839] RAMB36 async control check: The RAMB36E1 design_1_i/blk_mem_gen_0/U0/inst_blk_mem_gen/gnbram.gnative_mem_map_bmg.native_mem_map_blk_mem_gen/valid.cstr/ramloop[0].ram.r/prim_noinit.ram/DEVICE_7SERIES.WITH_BMM_INFO.TRUE_DP.SIMPLE_PRIM36.TDP_SP36_NO_ECC_ATTR.ram has an input control pin design_1_i/blk_mem_gen_0/U0/inst_blk_mem_gen/gnbram.gnative_mem_map_bmg.native_mem_map_blk_mem_gen/valid.cstr/ramloop[0].ram.r/prim_noinit.ram/DEVICE_7SERIES.WITH_BMM_INFO.TRUE_DP.SIMPLE_PRIM36.TDP_SP36_NO_ECC_ATTR.ram/ENARDEN (net: design_1_i/blk_mem_gen_0/U0/inst_blk_mem_gen/gnbram.gnative_mem_map_bmg.native_mem_map_blk_mem_gen/valid.cstr/ramloop[0].ram.r/prim_noinit.ram/ENA_I) which is driven by a register (design_1_i/spiflash_0/inst/bytecount_reg[7]) that has an active asychronous set or reset. This may cause corruption of the memory contents and/or read values when the set/reset is asserted and is not analyzed by the default static timing analysis. It is suggested to eliminate the use of a set/reset to registers driving this RAMB pin or else use a synchronous reset in which the assertion of the reset is timed by default.
WARNING: [DRC REQP-1839] RAMB36 async control check: The RAMB36E1 design_1_i/blk_mem_gen_0/U0/inst_blk_mem_gen/gnbram.gnative_mem_map_bmg.native_mem_map_blk_mem_gen/valid.cstr/ramloop[0].ram.r/prim_noinit.ram/DEVICE_7SERIES.WITH_BMM_INFO.TRUE_DP.SIMPLE_PRIM36.TDP_SP36_NO_ECC_ATTR.ram has an input control pin design_1_i/blk_mem_gen_0/U0/inst_blk_mem_gen/gnbram.gnative_mem_map_bmg.native_mem_map_blk_mem_gen/valid.cstr/ramloop[0].ram.r/prim_noinit.ram/DEVICE_7SERIES.WITH_BMM_INFO.TRUE_DP.SIMPLE_PRIM36.TDP_SP36_NO_ECC_ATTR.ram/ENARDEN (net: design_1_i/blk_mem_gen_0/U0/inst_blk_mem_gen/gnbram.gnative_mem_map_bmg.native_mem_map_blk_mem_gen/valid.cstr/ramloop[0].ram.r/prim_noinit.ram/ENA_I) which is driven by a register (design_1_i/spiflash_0/inst/bytecount_reg[8]) that has an active asychronous set or reset. This may cause corruption of the memory contents and/or read values when the set/reset is asserted and is not analyzed by the default static timing analysis. It is suggested to eliminate the use of a set/reset to registers driving this RAMB pin or else use a synchronous reset in which the assertion of the reset is timed by default.
WARNING: [DRC REQP-1839] RAMB36 async control check: The RAMB36E1 design_1_i/blk_mem_gen_0/U0/inst_blk_mem_gen/gnbram.gnative_mem_map_bmg.native_mem_map_blk_mem_gen/valid.cstr/ramloop[0].ram.r/prim_noinit.ram/DEVICE_7SERIES.WITH_BMM_INFO.TRUE_DP.SIMPLE_PRIM36.TDP_SP36_NO_ECC_ATTR.ram has an input control pin design_1_i/blk_mem_gen_0/U0/inst_blk_mem_gen/gnbram.gnative_mem_map_bmg.native_mem_map_blk_mem_gen/valid.cstr/ramloop[0].ram.r/prim_noinit.ram/DEVICE_7SERIES.WITH_BMM_INFO.TRUE_DP.SIMPLE_PRIM36.TDP_SP36_NO_ECC_ATTR.ram/ENARDEN (net: design_1_i/blk_mem_gen_0/U0/inst_blk_mem_gen/gnbram.gnative_mem_map_bmg.native_mem_map_blk_mem_gen/valid.cstr/ramloop[0].ram.r/prim_noinit.ram/ENA_I) which is driven by a register (design_1_i/spiflash_0/inst/bytecount_reg[9]) that has an active asychronous set or reset. This may cause corruption of the memory contents and/or read values when the set/reset is asserted and is not analyzed by the default static timing analysis. It is suggested to eliminate the use of a set/reset to registers driving this RAMB pin or else use a synchronous reset in which the assertion of the reset is timed by default.
WARNING: [DRC REQP-1839] RAMB36 async control check: The RAMB36E1 design_1_i/blk_mem_gen_0/U0/inst_blk_mem_gen/gnbram.gnative_mem_map_bmg.native_mem_map_blk_mem_gen/valid.cstr/ramloop[1].ram.r/prim_noinit.ram/DEVICE_7SERIES.WITH_BMM_INFO.TRUE_DP.SIMPLE_PRIM36.TDP_SP36_NO_ECC_ATTR.ram has an input control pin design_1_i/blk_mem_gen_0/U0/inst_blk_mem_gen/gnbram.gnative_mem_map_bmg.native_mem_map_blk_mem_gen/valid.cstr/ramloop[1].ram.r/prim_noinit.ram/DEVICE_7SERIES.WITH_BMM_INFO.TRUE_DP.SIMPLE_PRIM36.TDP_SP36_NO_ECC_ATTR.ram/ENARDEN (net: design_1_i/blk_mem_gen_0/U0/inst_blk_mem_gen/gnbram.gnative_mem_map_bmg.native_mem_map_blk_mem_gen/valid.cstr/ramloop[1].ram.r/prim_noinit.ram/ENA_I) which is driven by a register (design_1_i/spiflash_0/inst/bytecount_reg[10]) that has an active asychronous set or reset. This may cause corruption of the memory contents and/or read values when the set/reset is asserted and is not analyzed by the default static timing analysis. It is suggested to eliminate the use of a set/reset to registers driving this RAMB pin or else use a synchronous reset in which the assertion of the reset is timed by default.
WARNING: [DRC REQP-1839] RAMB36 async control check: The RAMB36E1 design_1_i/blk_mem_gen_0/U0/inst_blk_mem_gen/gnbram.gnative_mem_map_bmg.native_mem_map_blk_mem_gen/valid.cstr/ramloop[1].ram.r/prim_noinit.ram/DEVICE_7SERIES.WITH_BMM_INFO.TRUE_DP.SIMPLE_PRIM36.TDP_SP36_NO_ECC_ATTR.ram has an input control pin design_1_i/blk_mem_gen_0/U0/inst_blk_mem_gen/gnbram.gnative_mem_map_bmg.native_mem_map_blk_mem_gen/valid.cstr/ramloop[1].ram.r/prim_noinit.ram/DEVICE_7SERIES.WITH_BMM_INFO.TRUE_DP.SIMPLE_PRIM36.TDP_SP36_NO_ECC_ATTR.ram/ENARDEN (net: design_1_i/blk_mem_gen_0/U0/inst_blk_mem_gen/gnbram.gnative_mem_map_bmg.native_mem_map_blk_mem_gen/valid.cstr/ramloop[1].ram.r/prim_noinit.ram/ENA_I) which is driven by a register (design_1_i/spiflash_0/inst/bytecount_reg[11]) that has an active asychronous set or reset. This may cause corruption of the memory contents and/or read values when the set/reset is asserted and is not analyzed by the default static timing analysis. It is suggested to eliminate the use of a set/reset to registers driving this RAMB pin or else use a synchronous reset in which the assertion of the reset is timed by default.
WARNING: [DRC REQP-1839] RAMB36 async control check: The RAMB36E1 design_1_i/blk_mem_gen_0/U0/inst_blk_mem_gen/gnbram.gnative_mem_map_bmg.native_mem_map_blk_mem_gen/valid.cstr/ramloop[1].ram.r/prim_noinit.ram/DEVICE_7SERIES.WITH_BMM_INFO.TRUE_DP.SIMPLE_PRIM36.TDP_SP36_NO_ECC_ATTR.ram has an input control pin design_1_i/blk_mem_gen_0/U0/inst_blk_mem_gen/gnbram.gnative_mem_map_bmg.native_mem_map_blk_mem_gen/valid.cstr/ramloop[1].ram.r/prim_noinit.ram/DEVICE_7SERIES.WITH_BMM_INFO.TRUE_DP.SIMPLE_PRIM36.TDP_SP36_NO_ECC_ATTR.ram/ENARDEN (net: design_1_i/blk_mem_gen_0/U0/inst_blk_mem_gen/gnbram.gnative_mem_map_bmg.native_mem_map_blk_mem_gen/valid.cstr/ramloop[1].ram.r/prim_noinit.ram/ENA_I) which is driven by a register (design_1_i/spiflash_0/inst/bytecount_reg[12]) that has an active asychronous set or reset. This may cause corruption of the memory contents and/or read values when the set/reset is asserted and is not analyzed by the default static timing analysis. It is suggested to eliminate the use of a set/reset to registers driving this RAMB pin or else use a synchronous reset in which the assertion of the reset is timed by default.
WARNING: [DRC REQP-1839] RAMB36 async control check: The RAMB36E1 design_1_i/blk_mem_gen_0/U0/inst_blk_mem_gen/gnbram.gnative_mem_map_bmg.native_mem_map_blk_mem_gen/valid.cstr/ramloop[1].ram.r/prim_noinit.ram/DEVICE_7SERIES.WITH_BMM_INFO.TRUE_DP.SIMPLE_PRIM36.TDP_SP36_NO_ECC_ATTR.ram has an input control pin design_1_i/blk_mem_gen_0/U0/inst_blk_mem_gen/gnbram.gnative_mem_map_bmg.native_mem_map_blk_mem_gen/valid.cstr/ramloop[1].ram.r/prim_noinit.ram/DEVICE_7SERIES.WITH_BMM_INFO.TRUE_DP.SIMPLE_PRIM36.TDP_SP36_NO_ECC_ATTR.ram/ENARDEN (net: design_1_i/blk_mem_gen_0/U0/inst_blk_mem_gen/gnbram.gnative_mem_map_bmg.native_mem_map_blk_mem_gen/valid.cstr/ramloop[1].ram.r/prim_noinit.ram/ENA_I) which is driven by a register (design_1_i/spiflash_0/inst/bytecount_reg[2]) that has an active asychronous set or reset. This may cause corruption of the memory contents and/or read values when the set/reset is asserted and is not analyzed by the default static timing analysis. It is suggested to eliminate the use of a set/reset to registers driving this RAMB pin or else use a synchronous reset in which the assertion of the reset is timed by default.
WARNING: [DRC REQP-1839] RAMB36 async control check: The RAMB36E1 design_1_i/blk_mem_gen_0/U0/inst_blk_mem_gen/gnbram.gnative_mem_map_bmg.native_mem_map_blk_mem_gen/valid.cstr/ramloop[1].ram.r/prim_noinit.ram/DEVICE_7SERIES.WITH_BMM_INFO.TRUE_DP.SIMPLE_PRIM36.TDP_SP36_NO_ECC_ATTR.ram has an input control pin design_1_i/blk_mem_gen_0/U0/inst_blk_mem_gen/gnbram.gnative_mem_map_bmg.native_mem_map_blk_mem_gen/valid.cstr/ramloop[1].ram.r/prim_noinit.ram/DEVICE_7SERIES.WITH_BMM_INFO.TRUE_DP.SIMPLE_PRIM36.TDP_SP36_NO_ECC_ATTR.ram/ENARDEN (net: design_1_i/blk_mem_gen_0/U0/inst_blk_mem_gen/gnbram.gnative_mem_map_bmg.native_mem_map_blk_mem_gen/valid.cstr/ramloop[1].ram.r/prim_noinit.ram/ENA_I) which is driven by a register (design_1_i/spiflash_0/inst/bytecount_reg[3]) that has an active asychronous set or reset. This may cause corruption of the memory contents and/or read values when the set/reset is asserted and is not analyzed by the default static timing analysis. It is suggested to eliminate the use of a set/reset to registers driving this RAMB pin or else use a synchronous reset in which the assertion of the reset is timed by default.
WARNING: [DRC REQP-1839] RAMB36 async control check: The RAMB36E1 design_1_i/blk_mem_gen_0/U0/inst_blk_mem_gen/gnbram.gnative_mem_map_bmg.native_mem_map_blk_mem_gen/valid.cstr/ramloop[1].ram.r/prim_noinit.ram/DEVICE_7SERIES.WITH_BMM_INFO.TRUE_DP.SIMPLE_PRIM36.TDP_SP36_NO_ECC_ATTR.ram has an input control pin design_1_i/blk_mem_gen_0/U0/inst_blk_mem_gen/gnbram.gnative_mem_map_bmg.native_mem_map_blk_mem_gen/valid.cstr/ramloop[1].ram.r/prim_noinit.ram/DEVICE_7SERIES.WITH_BMM_INFO.TRUE_DP.SIMPLE_PRIM36.TDP_SP36_NO_ECC_ATTR.ram/ENARDEN (net: design_1_i/blk_mem_gen_0/U0/inst_blk_mem_gen/gnbram.gnative_mem_map_bmg.native_mem_map_blk_mem_gen/valid.cstr/ramloop[1].ram.r/prim_noinit.ram/ENA_I) which is driven by a register (design_1_i/spiflash_0/inst/bytecount_reg[4]) that has an active asychronous set or reset. This may cause corruption of the memory contents and/or read values when the set/reset is asserted and is not analyzed by the default static timing analysis. It is suggested to eliminate the use of a set/reset to registers driving this RAMB pin or else use a synchronous reset in which the assertion of the reset is timed by default.
WARNING: [DRC REQP-1839] RAMB36 async control check: The RAMB36E1 design_1_i/blk_mem_gen_0/U0/inst_blk_mem_gen/gnbram.gnative_mem_map_bmg.native_mem_map_blk_mem_gen/valid.cstr/ramloop[1].ram.r/prim_noinit.ram/DEVICE_7SERIES.WITH_BMM_INFO.TRUE_DP.SIMPLE_PRIM36.TDP_SP36_NO_ECC_ATTR.ram has an input control pin design_1_i/blk_mem_gen_0/U0/inst_blk_mem_gen/gnbram.gnative_mem_map_bmg.native_mem_map_blk_mem_gen/valid.cstr/ramloop[1].ram.r/prim_noinit.ram/DEVICE_7SERIES.WITH_BMM_INFO.TRUE_DP.SIMPLE_PRIM36.TDP_SP36_NO_ECC_ATTR.ram/ENARDEN (net: design_1_i/blk_mem_gen_0/U0/inst_blk_mem_gen/gnbram.gnative_mem_map_bmg.native_mem_map_blk_mem_gen/valid.cstr/ramloop[1].ram.r/prim_noinit.ram/ENA_I) which is driven by a register (design_1_i/spiflash_0/inst/bytecount_reg[5]) that has an active asychronous set or reset. This may cause corruption of the memory contents and/or read values when the set/reset is asserted and is not analyzed by the default static timing analysis. It is suggested to eliminate the use of a set/reset to registers driving this RAMB pin or else use a synchronous reset in which the assertion of the reset is timed by default.
WARNING: [DRC REQP-1839] RAMB36 async control check: The RAMB36E1 design_1_i/blk_mem_gen_0/U0/inst_blk_mem_gen/gnbram.gnative_mem_map_bmg.native_mem_map_blk_mem_gen/valid.cstr/ramloop[1].ram.r/prim_noinit.ram/DEVICE_7SERIES.WITH_BMM_INFO.TRUE_DP.SIMPLE_PRIM36.TDP_SP36_NO_ECC_ATTR.ram has an input control pin design_1_i/blk_mem_gen_0/U0/inst_blk_mem_gen/gnbram.gnative_mem_map_bmg.native_mem_map_blk_mem_gen/valid.cstr/ramloop[1].ram.r/prim_noinit.ram/DEVICE_7SERIES.WITH_BMM_INFO.TRUE_DP.SIMPLE_PRIM36.TDP_SP36_NO_ECC_ATTR.ram/ENARDEN (net: design_1_i/blk_mem_gen_0/U0/inst_blk_mem_gen/gnbram.gnative_mem_map_bmg.native_mem_map_blk_mem_gen/valid.cstr/ramloop[1].ram.r/prim_noinit.ram/ENA_I) which is driven by a register (design_1_i/spiflash_0/inst/bytecount_reg[6]) that has an active asychronous set or reset. This may cause corruption of the memory contents and/or read values when the set/reset is asserted and is not analyzed by the default static timing analysis. It is suggested to eliminate the use of a set/reset to registers driving this RAMB pin or else use a synchronous reset in which the assertion of the reset is timed by default.
WARNING: [DRC REQP-1839] RAMB36 async control check: The RAMB36E1 design_1_i/blk_mem_gen_0/U0/inst_blk_mem_gen/gnbram.gnative_mem_map_bmg.native_mem_map_blk_mem_gen/valid.cstr/ramloop[1].ram.r/prim_noinit.ram/DEVICE_7SERIES.WITH_BMM_INFO.TRUE_DP.SIMPLE_PRIM36.TDP_SP36_NO_ECC_ATTR.ram has an input control pin design_1_i/blk_mem_gen_0/U0/inst_blk_mem_gen/gnbram.gnative_mem_map_bmg.native_mem_map_blk_mem_gen/valid.cstr/ramloop[1].ram.r/prim_noinit.ram/DEVICE_7SERIES.WITH_BMM_INFO.TRUE_DP.SIMPLE_PRIM36.TDP_SP36_NO_ECC_ATTR.ram/ENARDEN (net: design_1_i/blk_mem_gen_0/U0/inst_blk_mem_gen/gnbram.gnative_mem_map_bmg.native_mem_map_blk_mem_gen/valid.cstr/ramloop[1].ram.r/prim_noinit.ram/ENA_I) which is driven by a register (design_1_i/spiflash_0/inst/bytecount_reg[7]) that has an active asychronous set or reset. This may cause corruption of the memory contents and/or read values when the set/reset is asserted and is not analyzed by the default static timing analysis. It is suggested to eliminate the use of a set/reset to registers driving this RAMB pin or else use a synchronous reset in which the assertion of the reset is timed by default.
WARNING: [DRC REQP-1840] RAMB18 async control check: The RAMB18E1 design_1_i/caravel_0/inst/soc/core/VexRiscv/IBusCachedPlugin_cache/banks_0_reg has an input control pin design_1_i/caravel_0/inst/soc/core/VexRiscv/IBusCachedPlugin_cache/banks_0_reg/ENARDEN (net: design_1_i/caravel_0/inst/soc/core/VexRiscv/IBusCachedPlugin_cache/IBusCachedPlugin_iBusRsp_stages_1_output_m2sPipe_ready) which is driven by a register (design_1_i/caravel_0/inst/housekeeping/wb_ack_o_reg) that has an active asychronous set or reset. This may cause corruption of the memory contents and/or read values when the set/reset is asserted and is not analyzed by the default static timing analysis. It is suggested to eliminate the use of a set/reset to registers driving this RAMB pin or else use a synchronous reset in which the assertion of the reset is timed by default.
WARNING: [DRC REQP-1840] RAMB18 async control check: The RAMB18E1 design_1_i/caravel_0/inst/soc/core/VexRiscv/IBusCachedPlugin_cache/ways_0_tags_reg has an input control pin design_1_i/caravel_0/inst/soc/core/VexRiscv/IBusCachedPlugin_cache/ways_0_tags_reg/ENARDEN (net: design_1_i/caravel_0/inst/soc/core/VexRiscv/IBusCachedPlugin_cache/IBusCachedPlugin_iBusRsp_stages_1_output_m2sPipe_ready) which is driven by a register (design_1_i/caravel_0/inst/housekeeping/wb_ack_o_reg) that has an active asychronous set or reset. This may cause corruption of the memory contents and/or read values when the set/reset is asserted and is not analyzed by the default static timing analysis. It is suggested to eliminate the use of a set/reset to registers driving this RAMB pin or else use a synchronous reset in which the assertion of the reset is timed by default.
WARNING: [DRC REQP-1840] RAMB18 async control check: The RAMB18E1 design_1_i/caravel_0/inst/soc/core/VexRiscv/RegFilePlugin_regFile_reg_1 has an input control pin design_1_i/caravel_0/inst/soc/core/VexRiscv/RegFilePlugin_regFile_reg_1/ADDRARDADDR[5] (net: design_1_i/caravel_0/inst/soc/core/VexRiscv/decode_RegFilePlugin_regFileReadAddress1[0]) which is driven by a register (design_1_i/caravel_0/inst/housekeeping/wb_ack_o_reg) that has an active asychronous set or reset. This may cause corruption of the memory contents and/or read values when the set/reset is asserted and is not analyzed by the default static timing analysis. It is suggested to eliminate the use of a set/reset to registers driving this RAMB pin or else use a synchronous reset in which the assertion of the reset is timed by default.
WARNING: [DRC REQP-1840] RAMB18 async control check: The RAMB18E1 design_1_i/caravel_0/inst/soc/core/VexRiscv/RegFilePlugin_regFile_reg_1 has an input control pin design_1_i/caravel_0/inst/soc/core/VexRiscv/RegFilePlugin_regFile_reg_1/ADDRARDADDR[6] (net: design_1_i/caravel_0/inst/soc/core/VexRiscv/decode_RegFilePlugin_regFileReadAddress1[1]) which is driven by a register (design_1_i/caravel_0/inst/housekeeping/wb_ack_o_reg) that has an active asychronous set or reset. This may cause corruption of the memory contents and/or read values when the set/reset is asserted and is not analyzed by the default static timing analysis. It is suggested to eliminate the use of a set/reset to registers driving this RAMB pin or else use a synchronous reset in which the assertion of the reset is timed by default.
WARNING: [DRC REQP-1840] RAMB18 async control check: The RAMB18E1 design_1_i/caravel_0/inst/soc/core/VexRiscv/RegFilePlugin_regFile_reg_1 has an input control pin design_1_i/caravel_0/inst/soc/core/VexRiscv/RegFilePlugin_regFile_reg_1/ADDRARDADDR[7] (net: design_1_i/caravel_0/inst/soc/core/VexRiscv/decode_RegFilePlugin_regFileReadAddress1[2]) which is driven by a register (design_1_i/caravel_0/inst/housekeeping/wb_ack_o_reg) that has an active asychronous set or reset. This may cause corruption of the memory contents and/or read values when the set/reset is asserted and is not analyzed by the default static timing analysis. It is suggested to eliminate the use of a set/reset to registers driving this RAMB pin or else use a synchronous reset in which the assertion of the reset is timed by default.
WARNING: [DRC REQP-1840] RAMB18 async control check: The RAMB18E1 design_1_i/caravel_0/inst/soc/core/VexRiscv/RegFilePlugin_regFile_reg_1 has an input control pin design_1_i/caravel_0/inst/soc/core/VexRiscv/RegFilePlugin_regFile_reg_1/ADDRARDADDR[8] (net: design_1_i/caravel_0/inst/soc/core/VexRiscv/decode_RegFilePlugin_regFileReadAddress1[3]) which is driven by a register (design_1_i/caravel_0/inst/housekeeping/wb_ack_o_reg) that has an active asychronous set or reset. This may cause corruption of the memory contents and/or read values when the set/reset is asserted and is not analyzed by the default static timing analysis. It is suggested to eliminate the use of a set/reset to registers driving this RAMB pin or else use a synchronous reset in which the assertion of the reset is timed by default.
WARNING: [DRC REQP-1840] RAMB18 async control check: The RAMB18E1 design_1_i/caravel_0/inst/soc/core/VexRiscv/RegFilePlugin_regFile_reg_1 has an input control pin design_1_i/caravel_0/inst/soc/core/VexRiscv/RegFilePlugin_regFile_reg_1/ADDRARDADDR[9] (net: design_1_i/caravel_0/inst/soc/core/VexRiscv/decode_RegFilePlugin_regFileReadAddress1[4]) which is driven by a register (design_1_i/caravel_0/inst/housekeeping/wb_ack_o_reg) that has an active asychronous set or reset. This may cause corruption of the memory contents and/or read values when the set/reset is asserted and is not analyzed by the default static timing analysis. It is suggested to eliminate the use of a set/reset to registers driving this RAMB pin or else use a synchronous reset in which the assertion of the reset is timed by default.
WARNING: [DRC REQP-1840] RAMB18 async control check: The RAMB18E1 design_1_i/caravel_0/inst/soc/core/VexRiscv/RegFilePlugin_regFile_reg_2 has an input control pin design_1_i/caravel_0/inst/soc/core/VexRiscv/RegFilePlugin_regFile_reg_2/ADDRARDADDR[5] (net: design_1_i/caravel_0/inst/soc/core/VexRiscv/decode_RegFilePlugin_regFileReadAddress2[0]) which is driven by a register (design_1_i/caravel_0/inst/housekeeping/wb_ack_o_reg) that has an active asychronous set or reset. This may cause corruption of the memory contents and/or read values when the set/reset is asserted and is not analyzed by the default static timing analysis. It is suggested to eliminate the use of a set/reset to registers driving this RAMB pin or else use a synchronous reset in which the assertion of the reset is timed by default.
WARNING: [DRC REQP-1840] RAMB18 async control check: The RAMB18E1 design_1_i/caravel_0/inst/soc/core/VexRiscv/RegFilePlugin_regFile_reg_2 has an input control pin design_1_i/caravel_0/inst/soc/core/VexRiscv/RegFilePlugin_regFile_reg_2/ADDRARDADDR[6] (net: design_1_i/caravel_0/inst/soc/core/VexRiscv/decode_RegFilePlugin_regFileReadAddress2[1]) which is driven by a register (design_1_i/caravel_0/inst/housekeeping/wb_ack_o_reg) that has an active asychronous set or reset. This may cause corruption of the memory contents and/or read values when the set/reset is asserted and is not analyzed by the default static timing analysis. It is suggested to eliminate the use of a set/reset to registers driving this RAMB pin or else use a synchronous reset in which the assertion of the reset is timed by default.
WARNING: [DRC REQP-1840] RAMB18 async control check: The RAMB18E1 design_1_i/caravel_0/inst/soc/core/VexRiscv/RegFilePlugin_regFile_reg_2 has an input control pin design_1_i/caravel_0/inst/soc/core/VexRiscv/RegFilePlugin_regFile_reg_2/ADDRARDADDR[7] (net: design_1_i/caravel_0/inst/soc/core/VexRiscv/decode_RegFilePlugin_regFileReadAddress2[2]) which is driven by a register (design_1_i/caravel_0/inst/housekeeping/wb_ack_o_reg) that has an active asychronous set or reset. This may cause corruption of the memory contents and/or read values when the set/reset is asserted and is not analyzed by the default static timing analysis. It is suggested to eliminate the use of a set/reset to registers driving this RAMB pin or else use a synchronous reset in which the assertion of the reset is timed by default.
WARNING: [DRC REQP-1840] RAMB18 async control check: The RAMB18E1 design_1_i/caravel_0/inst/soc/core/VexRiscv/RegFilePlugin_regFile_reg_2 has an input control pin design_1_i/caravel_0/inst/soc/core/VexRiscv/RegFilePlugin_regFile_reg_2/ADDRARDADDR[8] (net: design_1_i/caravel_0/inst/soc/core/VexRiscv/decode_RegFilePlugin_regFileReadAddress2[3]) which is driven by a register (design_1_i/caravel_0/inst/housekeeping/wb_ack_o_reg) that has an active asychronous set or reset. This may cause corruption of the memory contents and/or read values when the set/reset is asserted and is not analyzed by the default static timing analysis. It is suggested to eliminate the use of a set/reset to registers driving this RAMB pin or else use a synchronous reset in which the assertion of the reset is timed by default.
WARNING: [DRC REQP-1840] RAMB18 async control check: The RAMB18E1 design_1_i/caravel_0/inst/soc/core/VexRiscv/RegFilePlugin_regFile_reg_2 has an input control pin design_1_i/caravel_0/inst/soc/core/VexRiscv/RegFilePlugin_regFile_reg_2/ADDRARDADDR[9] (net: design_1_i/caravel_0/inst/soc/core/VexRiscv/decode_RegFilePlugin_regFileReadAddress2[4]) which is driven by a register (design_1_i/caravel_0/inst/housekeeping/wb_ack_o_reg) that has an active asychronous set or reset. This may cause corruption of the memory contents and/or read values when the set/reset is asserted and is not analyzed by the default static timing analysis. It is suggested to eliminate the use of a set/reset to registers driving this RAMB pin or else use a synchronous reset in which the assertion of the reset is timed by default.
WARNING: [DRC RTSTAT-10] No routable loads: 12 net(s) have no routable loads. The problem bus(es) and/or net(s) are design_1_i/blk_mem_gen_0/U0/inst_blk_mem_gen/gnbram.gnative_mem_map_bmg.native_mem_map_blk_mem_gen/valid.cstr/ramloop[1].ram.r/ENB_dly_D, design_1_i/axi_interconnect_0/s00_couplers/auto_pc/inst/gen_axi4_axi3.axi3_conv_inst/USE_READ.USE_SPLIT_R.read_addr_inst/USE_R_CHANNEL.cmd_queue/inst/fifo_gen_inst/inst_fifo_gen/gconvfifo.rf/grf.rf/gntv_or_sync_fifo.gl0.rd/gr1.gr1_int.rfwft/aempty_fwft_i, design_1_i/axi_interconnect_0/s00_couplers/auto_pc/inst/gen_axi4_axi3.axi3_conv_inst/USE_READ.USE_SPLIT_R.read_addr_inst/USE_R_CHANNEL.cmd_queue/inst/fifo_gen_inst/inst_fifo_gen/gconvfifo.rf/grf.rf/rstblk/ngwrdrst.grst.rd_rst_reg[2:0], design_1_i/axi_interconnect_0/s00_couplers/auto_pc/inst/gen_axi4_axi3.axi3_conv_inst/USE_READ.USE_SPLIT_R.read_addr_inst/USE_R_CHANNEL.cmd_queue/inst/fifo_gen_inst/inst_fifo_gen/gconvfifo.rf/grf.rf/rstblk/ngwrdrst.grst.wr_rst_reg[2:0], design_1_i/axi_interconnect_0/s00_couplers/auto_pc/inst/gen_axi4_axi3.axi3_conv_inst/USE_READ.USE_SPLIT_R.read_addr_inst/USE_R_CHANNEL.cmd_queue/inst/fifo_gen_inst/inst_fifo_gen/gconvfifo.rf/grf.rf/gntv_or_sync_fifo.gl0.wr/gwss.wsts/ram_afull_fb, design_1_i/axi_interconnect_0/s00_couplers/auto_pc/inst/gen_axi4_axi3.axi3_conv_inst/USE_READ.USE_SPLIT_R.read_addr_inst/USE_R_CHANNEL.cmd_queue/inst/fifo_gen_inst/inst_fifo_gen/gconvfifo.rf/grf.rf/gntv_or_sync_fifo.gl0.wr/gwss.wsts/ram_afull_i, design_1_i/axi_interconnect_0/s00_couplers/auto_pc/inst/gen_axi4_axi3.axi3_conv_inst/USE_READ.USE_SPLIT_R.read_addr_inst/USE_R_CHANNEL.cmd_queue/inst/fifo_gen_inst/inst_fifo_gen/gconvfifo.rf/grf.rf/gntv_or_sync_fifo.gl0.rd/grss.rsts/ram_empty_i, and design_1_i/axi_interconnect_0/s00_couplers/auto_pc/inst/gen_axi4_axi3.axi3_conv_inst/USE_READ.USE_SPLIT_R.read_addr_inst/USE_R_CHANNEL.cmd_queue/inst/fifo_gen_inst/inst_fifo_gen/gconvfifo.rf/grf.rf/gntv_or_sync_fifo.gl0.rd/gr1.gr1_int.rfwft/user_valid.
INFO: [Vivado 12-3199] DRC finished with 0 Errors, 36 Warnings
INFO: [Vivado 12-3200] Please refer to the DRC report (report_drc) for more information.
INFO: [Designutils 20-2272] Running write_bitstream with 2 threads.
Loading data files...
Loading site data...
Loading route data...
Processing options...
Creating bitmap...
Creating bitstream...
Writing bitstream ./design_1_wrapper.bit...
INFO: [Vivado 12-1842] Bitgen Completed Successfully.
INFO: [Project 1-1876] WebTalk data collection is mandatory when using a ULT device. To see the specific WebTalk data collected for your design, open the usage_statistics_webtalk.html or usage_statistics_webtalk.xml file in the implementation directory.
INFO: [Common 17-83] Releasing license: Implementation
23 Infos, 36 Warnings, 0 Critical Warnings and 0 Errors encountered.
write_bitstream completed successfully
write_bitstream: Time (s): cpu = 00:00:20 ; elapsed = 00:00:19 . Memory (MB): peak = 3418.906 ; gain = 496.848 ; free physical = 3309 ; free virtual = 6980
INFO: [Common 17-206] Exiting Vivado at Thu Nov 16 06:24:05 2023...
